#
# A fatal error has been detected by the Java Runtime Environment:
#
#  EXCEPTION_ACCESS_VIOLATION (0xc0000005) at pc=0x00007ffa00b96d50, pid=11428, tid=16012
#
# JRE version: Java(TM) SE Runtime Environment (21.0.7+8) (build 21.0.7+8-LTS-245)
# Java VM: Java HotSpot(TM) 64-Bit Server VM (21.0.7+8-LTS-245, mixed mode, sharing, tiered, compressed oops, compressed class ptrs, g1 gc, windows-amd64)
# Problematic frame:
# C  [ntdll.dll+0x76d50]
#
# No core dump will be written. Minidumps are not enabled by default on client versions of Windows
#
# If you would like to submit a bug report, please visit:
#   https://bugreport.java.com/bugreport/crash.jsp
# The crash happened outside the Java Virtual Machine in native code.
# See problematic frame for where to report the bug.
#

---------------  S U M M A R Y ------------

Command Line: -javaagent:C:\Program Files\JetBrains\IntelliJ IDEA Community Edition 2025.1.3\lib\idea_rt.jar=54233 -Dfile.encoding=UTF-8 -Dsun.stdout.encoding=UTF-8 -Dsun.stderr.encoding=UTF-8 test

Host: AMD Ryzen 5 5500                               , 12 cores, 15G,  Windows 11 , 64 bit Build 26100 (10.0.26100.5074)
Time: Mon Sep 22 20:46:21 2025 RTZ 2 (s 11 , 64 bit Build 26100 (10.0.26100.5074) elapsed time: 4.258433 seconds (0d 0h 0m 4s)

---------------  T H R E A D  ---------------

Current thread (0x000001bb484ad2f0):  JavaThread "AWT-EventQueue-0"        [_thread_in_native, id=16012, stack(0x000000833e100000,0x000000833e200000) (1024K)]

Stack: [0x000000833e100000,0x000000833e200000],  sp=0x000000833e1fd2a0,  free space=1012k
Native frames: (J=compiled Java code, j=interpreted, Vv=VM code, C=native code)
C  [ntdll.dll+0x76d50]
C  [ntdll.dll+0x7629f]
C  [ntdll.dll+0x1672ae]
C  [ntdll.dll+0x5ec3]
C  [ntdll.dll+0x7c87f]
C  [ntdll.dll+0x7bff2]
C  0x00007ff991de1a70

Java frames: (J=compiled Java code, j=interpreted, Vv=VM code)
j  sun.java2d.d3d.D3DSurfaceData.initOps(III)V+0 java.desktop@21.0.7
j  sun.java2d.d3d.D3DSurfaceData.<init>(Lsun/awt/windows/WComponentPeer;Lsun/java2d/d3d/D3DGraphicsConfig;IILjava/awt/Image;Ljava/awt/image/ColorModel;IILsun/java2d/pipe/hw/ExtendedBufferCapabilities$VSyncType;I)V+212 java.desktop@21.0.7
j  sun.java2d.d3d.D3DSurfaceData.createData(Lsun/java2d/d3d/D3DGraphicsConfig;IILjava/awt/image/ColorModel;Ljava/awt/Image;I)Lsun/java2d/d3d/D3DSurfaceData;+70 java.desktop@21.0.7
j  sun.java2d.d3d.D3DVolatileSurfaceManager.initAcceleratedSurface()Lsun/java2d/SurfaceData;+142 java.desktop@21.0.7
j  sun.java2d.d3d.D3DVolatileSurfaceManager.restoreAcceleratedSurface()V+49 java.desktop@21.0.7
j  sun.awt.image.VolatileSurfaceManager.validate(Ljava/awt/GraphicsConfiguration;)I+94 java.desktop@21.0.7
j  sun.awt.image.SunVolatileImage.validate(Ljava/awt/GraphicsConfiguration;)I+5 java.desktop@21.0.7
j  javax.swing.RepaintManager$PaintManager.paint(Ljavax/swing/JComponent;Ljavax/swing/JComponent;Ljava/awt/Graphics;IIII)Z+78 java.desktop@21.0.7
j  javax.swing.RepaintManager.paint(Ljavax/swing/JComponent;Ljavax/swing/JComponent;Ljava/awt/Graphics;IIII)V+52 java.desktop@21.0.7
j  javax.swing.JComponent._paintImmediately(IIII)V+683 java.desktop@21.0.7
j  javax.swing.JComponent.paintImmediately(IIII)V+138 java.desktop@21.0.7
j  javax.swing.RepaintManager$4.run()Ljava/lang/Void;+81 java.desktop@21.0.7
j  javax.swing.RepaintManager$4.run()Ljava/lang/Object;+1 java.desktop@21.0.7
J 1056 c1 java.security.ProtectionDomain$JavaSecurityAccessImpl.doIntersectionPrivilege(Ljava/security/PrivilegedAction;Ljava/security/AccessControlContext;Ljava/security/AccessControlContext;)Ljava/lang/Object; java.base@21.0.7 (22 bytes) @ 0x000001bb3107fcf4 [0x000001bb3107fa40+0x00000000000002b4]
j  javax.swing.RepaintManager.paintDirtyRegions(Ljava/util/Map;)V+154 java.desktop@21.0.7
j  javax.swing.RepaintManager.paintDirtyRegions()V+46 java.desktop@21.0.7
j  javax.swing.RepaintManager.prePaintDirtyRegions()V+73 java.desktop@21.0.7
j  javax.swing.RepaintManager$ProcessingRunnable.run()V+37 java.desktop@21.0.7
j  java.awt.event.InvocationEvent.dispatch()V+47 java.desktop@21.0.7
j  java.awt.EventQueue.dispatchEventImpl(Ljava/awt/AWTEvent;Ljava/lang/Object;)V+21 java.desktop@21.0.7
j  java.awt.EventQueue$4.run()Ljava/lang/Void;+32 java.desktop@21.0.7
j  java.awt.EventQueue$4.run()Ljava/lang/Object;+1 java.desktop@21.0.7
J 1056 c1 java.security.ProtectionDomain$JavaSecurityAccessImpl.doIntersectionPrivilege(Ljava/security/PrivilegedAction;Ljava/security/AccessControlContext;Ljava/security/AccessControlContext;)Ljava/lang/Object; java.base@21.0.7 (22 bytes) @ 0x000001bb3107fcf4 [0x000001bb3107fa40+0x00000000000002b4]
j  java.awt.EventQueue.dispatchEvent(Ljava/awt/AWTEvent;)V+46 java.desktop@21.0.7
j  java.awt.EventDispatchThread.pumpOneEventForFilters(I)V+81 java.desktop@21.0.7
j  java.awt.EventDispatchThread.pumpEventsForFilter(ILjava/awt/Conditional;Ljava/awt/EventFilter;)V+35 java.desktop@21.0.7
j  java.awt.EventDispatchThread.pumpEventsForHierarchy(ILjava/awt/Conditional;Ljava/awt/Component;)V+11 java.desktop@21.0.7
j  java.awt.EventDispatchThread.pumpEvents(ILjava/awt/Conditional;)V+4 java.desktop@21.0.7
j  java.awt.EventDispatchThread.pumpEvents(Ljava/awt/Conditional;)V+3 java.desktop@21.0.7
j  java.awt.EventDispatchThread.run()V+9 java.desktop@21.0.7
v  ~StubRoutines::call_stub 0x000001bb3843100d

siginfo: EXCEPTION_ACCESS_VIOLATION (0xc0000005), reading address 0x00007ff991f05340


Registers:
RAX=0x0000000000000000, RBX=0x0000000000081a70, RCX=0x00000000000006f0, RDX=0x00000000000014d0
RSP=0x000000833e1fd2a0, RBP=0x000000833e1fd850, RSI=0x000000833e1fd878, RDI=0x000000833e1fd910
R8 =0x00007ff991f00000, R9 =0x00007ff991f0a68c, R10=0x00000000000006f0, R11=0x0000000000000de0
R12=0x00007ff991de1a70, R13=0x00007ffa00cfd724, R14=0x0000000000000000, R15=0x000000833e1fda40
RIP=0x00007ffa00b96d50, EFLAGS=0x0000000000010216


Register to memory mapping:

RAX=0x0 is null
RBX=0x0000000000081a70 is an unknown value
RCX=0x00000000000006f0 is an unknown value
RDX=0x00000000000014d0 is an unknown value
RSP=0x000000833e1fd2a0 is pointing into the stack for thread: 0x000001bb484ad2f0
RBP=0x000000833e1fd850 is pointing into the stack for thread: 0x000001bb484ad2f0
RSI=0x000000833e1fd878 is pointing into the stack for thread: 0x000001bb484ad2f0
RDI=0x000000833e1fd910 is pointing into the stack for thread: 0x000001bb484ad2f0
R8 =0x00007ff991f00000 is an unknown value
R9 =0x00007ff991f0a68c is an unknown value
R10=0x00000000000006f0 is an unknown value
R11=0x0000000000000de0 is an unknown value
R12=0x00007ff991de1a70 is an unknown value
R13=0x00007ffa00cfd724 ntdll.dll
R14=0x0 is null
R15=0x000000833e1fda40 is pointing into the stack for thread: 0x000001bb484ad2f0

Top of Stack: (sp=0x000000833e1fd2a0)
0x000000833e1fd2a0:   00007ff991de1a70 00000007114b60c0
0x000000833e1fd2b0:   000000833e1fd350 000000833e1fd850
0x000000833e1fd2c0:   00007ff991f00000 00007ff991d60000
0x000000833e1fd2d0:   0000a698001b1000 00007ffa00b9bff2
0x000000833e1fd2e0:   0000000000000000 00007ffa00b9629f
0x000000833e1fd2f0:   000000833e1fd850 000000833e1fd350
0x000000833e1fd300:   000000833e1fdf30 0000000000000000
0x000000833e1fd310:   000000833e1fd350 0000000000000000
0x000000833e1fd320:   000000833e1fd868 000000833e1fd858
0x000000833e1fd330:   000000833e1fd860 000000833e1fd8f8
0x000000833e1fd340:   0000000700000000 00000007114b60c0
0x000000833e1fd350:   000000833e1fe2c0 000000833e1fe2c4
0x000000833e1fd360:   0000000711016df0 0000000711798d20
0x000000833e1fd370:   0000000000000000 00000007119dd630
0x000000833e1fd380:   00001fa20010000f 000000833e1f0033
0x000000833e1fd390:   00010213002b0b70 000000833e1fada0
0x000000833e1fd3a0:   00000000e2296c18 000001bb38a2a3bc
0x000000833e1fd3b0:   00000000e22f31a4 000001bb38a2404c
0x000000833e1fd3c0:   00000007119dd630 00000007119dd630
0x000000833e1fd3d0:   000000833e1fe2d0 000000833e1fe2d4
0x000000833e1fd3e0:   000001bb484c30a0 000000833e1fe320
0x000000833e1fd3f0:   000001bb48313080 0000000000000000
0x000000833e1fd400:   0000000000000000 000000833e1fe204
0x000000833e1fd410:   0000000000000000 00000007119dd630
0x000000833e1fd420:   00000007119d0de8 0000000000000000
0x000000833e1fd430:   000001bb8a5fdf10 0000000000010001
0x000000833e1fd440:   000001bb484ad2f0 00007ff991de1a70
0x000000833e1fd450:   000000000000027f 0000000000000000
0x000000833e1fd460:   0000000000000000 0002ffff00001fa2
0x000000833e1fd470:   0000000000000000 0000000000000000
0x000000833e1fd480:   0000000000000000 0000000000000000
0x000000833e1fd490:   0000000000000000 0000000000000000 

Instructions: (pc=0x00007ffa00b96d50)
0x00007ffa00b96c50:   44 24 28 48 89 03 48 83 c4 40 5b c3 cc 8b 05 dd
0x00007ffa00b96c60:   27 17 00 49 03 c0 48 3b c8 73 d9 0f 28 0d be 27
0x00007ffa00b96c70:   17 00 66 0f 73 d9 08 66 48 0f 7e c8 48 89 02 48
0x00007ffa00b96c80:   83 c4 40 5b c3 cc cc cc cc cc cc cc cc cc cc cc
0x00007ffa00b96c90:   48 89 5c 24 18 48 89 74 24 20 57 48 83 ec 40 49
0x00007ffa00b96ca0:   8b f8 48 8b f2 48 8b d9 4d 85 c0 0f 85 1e 01 00
0x00007ffa00b96cb0:   00 48 8b 0d 80 27 17 00 33 c0 48 89 44 24 30 0f
0x00007ffa00b96cc0:   57 c0 0f 11 44 24 20 48 3b d9 0f 83 7f 01 00 00
0x00007ffa00b96cd0:   48 8d 54 24 20 48 8b cb e8 f3 1a 00 00 4c 8b c0
0x00007ffa00b96ce0:   4d 85 c0 0f 84 fa 02 00 00 48 8b 4c 24 28 48 b8
0x00007ffa00b96cf0:   ab aa aa aa aa aa aa aa 48 89 0e 8b 4c 24 34 48
0x00007ffa00b96d00:   f7 e1 4c 8b d2 49 c1 ea 03 45 85 d2 0f 84 ca 02
0x00007ffa00b96d10:   00 00 48 2b 1e 41 8d 42 ff 48 8d 04 40 41 8b 14
0x00007ffa00b96d20:   80 4d 8d 0c 80 33 c0 48 3b da 73 55 45 8d 5a fe
0x00007ffa00b96d30:   4c 89 74 24 58 44 8b f0 45 85 db 78 3f 48 89 6c
0x00007ffa00b96d40:   24 50 47 8d 14 1e 41 d1 fa 49 63 ca 48 8d 14 49
0x00007ffa00b96d50:   41 8b 2c 90 4d 8d 0c 90 48 3b dd 0f 82 e5 00 00
0x00007ffa00b96d60:   00 41 8b 49 0c 8b d5 48 3b d9 72 0b 45 8d 72 01
0x00007ffa00b96d70:   8b d5 45 3b de 7d cb 48 8b 6c 24 50 4c 8b 74 24
0x00007ffa00b96d80:   58 8b ca 48 3b d9 72 0c 41 8b 49 04 48 3b d9 73
0x00007ffa00b96d90:   03 49 8b c1 48 85 c0 74 09 48 85 ff 0f 85 1e 01
0x00007ffa00b96da0:   00 00 48 8b c8 48 85 c0 74 11 8b 50 08 f6 c2 01
0x00007ffa00b96db0:   74 09 48 8b 0e 48 ff c9 48 03 ca 48 8b c1 48 8b
0x00007ffa00b96dc0:   5c 24 60 48 8b 74 24 68 48 83 c4 40 5f c3 cc 41
0x00007ffa00b96dd0:   80 78 07 00 4c 8d 15 65 25 17 00 0f 85 a8 01 00
0x00007ffa00b96de0:   00 41 80 78 06 00 0f 84 c5 fe ff ff 48 3b 1d 55
0x00007ffa00b96df0:   25 17 00 0f 83 26 01 00 00 48 3b 5f 08 0f 82 ae
0x00007ffa00b96e00:   fe ff ff 48 3b 5f 10 0f 83 a4 fe ff ff 44 0f b6
0x00007ffa00b96e10:   57 04 44 8b 0f 41 8b d2 41 3b d1 0f 83 90 fe ff
0x00007ffa00b96e20:   ff 8b ca 8b c2 48 03 c0 4c 8b 44 c7 18 48 8d 41
0x00007ffa00b96e30:   02 48 03 c0 48 8b 0c c7 8b 01 49 03 c0 48 3b d8
0x00007ffa00b96e40:   73 43 ff c2 eb d2 45 8d 5a ff e9 21 ff ff ff 8b 


Stack slot to memory mapping:

stack at sp + 0 slots: 0x00007ff991de1a70 is an unknown value
stack at sp + 1 slots: 0x00000007114b60c0 is an oop: sun.java2d.pipe.BufferedRenderPipe$AAParallelogramPipe 
{0x00000007114b60c0} - klass: 'sun/java2d/pipe/BufferedRenderPipe$AAParallelogramPipe'
 - ---- fields (total size 2 words):
 - final synthetic 'this$0' 'Lsun/java2d/pipe/BufferedRenderPipe;' @12  a 'sun/java2d/d3d/D3DRenderer'{0x00000007114b6020} (0xe2296c04)
stack at sp + 2 slots: 0x000000833e1fd350 is pointing into the stack for thread: 0x000001bb484ad2f0
stack at sp + 3 slots: 0x000000833e1fd850 is pointing into the stack for thread: 0x000001bb484ad2f0
stack at sp + 4 slots: 0x00007ff991f00000 is an unknown value
stack at sp + 5 slots: 0x00007ff991d60000 is an unknown value
stack at sp + 6 slots: 0x0000a698001b1000 is an unknown value
stack at sp + 7 slots: 0x00007ffa00b9bff2 ntdll.dll


Compiled method (c1)    4310 1056       3       java.security.ProtectionDomain$JavaSecurityAccessImpl::doIntersectionPrivilege (22 bytes)
 total in heap  [0x000001bb3107f810,0x000001bb310801f8] = 2536
 relocation     [0x000001bb3107f970,0x000001bb3107fa30] = 192
 main code      [0x000001bb3107fa40,0x000001bb3107ff50] = 1296
 stub code      [0x000001bb3107ff50,0x000001bb3107ffe0] = 144
 metadata       [0x000001bb3107ffe0,0x000001bb31080000] = 32
 scopes data    [0x000001bb31080000,0x000001bb310800e0] = 224
 scopes pcs     [0x000001bb310800e0,0x000001bb310801e0] = 256
 dependencies   [0x000001bb310801e0,0x000001bb310801e8] = 8
 nul chk table  [0x000001bb310801e8,0x000001bb310801f8] = 16

[Constant Pool (empty)]

[MachCode]
[Entry Point]
  # {method} {0x000001bb4911ba60} 'doIntersectionPrivilege' '(Ljava/security/PrivilegedAction;Ljava/security/AccessControlContext;Ljava/security/AccessControlContext;)Ljava/lang/Object;' in 'java/security/ProtectionDomain$JavaSecurityAccessImpl'
  # this:     rdx:rdx   = 'java/security/ProtectionDomain$JavaSecurityAccessImpl'
  # parm0:    r8:r8     = 'java/security/PrivilegedAction'
  # parm1:    r9:r9     = 'java/security/AccessControlContext'
  # parm2:    rdi:rdi   = 'java/security/AccessControlContext'
  #           [sp+0xa0]  (sp of caller)
  0x000001bb3107fa40: 448b 5208 | 49bb 0000 | 0049 bb01 | 0000 4d03 | d34c 3bd0 

  0x000001bb3107fa54: ;   {runtime_call ic_miss_stub}
  0x000001bb3107fa54: 0f85 26ed | 3f07 660f | 1f44 0000 
[Verified Entry Point]
  0x000001bb3107fa60: 8984 2400 | 80ff ff55 | 4881 ec90 | 0000 0090 | 4181 7f20 | 0100 0000 

  0x000001bb3107fa78: ;   {runtime_call StubRoutines (final stubs)}
  0x000001bb3107fa78: 7405 e8e1 

  0x000001bb3107fa7c: ;   {metadata(method data for {method} {0x000001bb4911ba60} 'doIntersectionPrivilege' '(Ljava/security/PrivilegedAction;Ljava/security/AccessControlContext;Ljava/security/AccessControlContext;)Ljava/lang/Object;' in 'java/security/ProtectionDomain$JavaSecurityAccessImpl')}
  0x000001bb3107fa7c: 523e 0748 | be50 9763 | 8abb 0100 | 008b 9ecc | 0000 0083 | c302 899e | cc00 0000 | 81e3 fe07 
  0x000001bb3107fa9c: 0000 85db | 0f84 9303 | 0000 4d85 

  0x000001bb3107faa8: ;   {metadata(method data for {method} {0x000001bb4911ba60} 'doIntersectionPrivilege' '(Ljava/security/PrivilegedAction;Ljava/security/AccessControlContext;Ljava/security/AccessControlContext;)Ljava/lang/Object;' in 'java/security/ProtectionDomain$JavaSecurityAccessImpl')}
  0x000001bb3107faa8: c048 ba50 | 9763 8abb | 0100 0048 | be20 0100 | 0000 0000 | 0074 0a48 | be10 0100 | 0000 0000 
  0x000001bb3107fac8: 0048 8b1c | 3248 8d5b | 0148 891c | 320f 84be | 0200 004c | 8944 2460 

  0x000001bb3107fae0: ;   {metadata(method data for {method} {0x000001bb4911ba60} 'doIntersectionPrivilege' '(Ljava/security/PrivilegedAction;Ljava/security/AccessControlContext;Ljava/security/AccessControlContext;)Ljava/lang/Object;' in 'java/security/ProtectionDomain$JavaSecurityAccessImpl')}
  0x000001bb3107fae0: 48ba 5097 | 638a bb01 | 0000 4883 | 8240 0100 | 0001 488b | d74d 8bc1 | 0f1f 8000 

  0x000001bb3107fafc: ;   {static_call}
  0x000001bb3107fafc: 0000 00e8 

  0x000001bb3107fb00: ; ImmutableOopMap {[96]=Oop }
                      ;*invokestatic getCombinedACC {reexecute=0 rethrow=0 return_oop=0}
                      ; - java.security.ProtectionDomain$JavaSecurityAccessImpl::doIntersectionPrivilege@15 (line 89)
  0x000001bb3107fb00: dc08 0000 

  0x000001bb3107fb04: ;   {other}
  0x000001bb3107fb04: 0f1f 8400 | f402 0000 

  0x000001bb3107fb0c: ;   {metadata(method data for {method} {0x000001bb4911ba60} 'doIntersectionPrivilege' '(Ljava/security/PrivilegedAction;Ljava/security/AccessControlContext;Ljava/security/AccessControlContext;)Ljava/lang/Object;' in 'java/security/ProtectionDomain$JavaSecurityAccessImpl')}
  0x000001bb3107fb0c: 48be 5097 | 638a bb01 | 0000 4883 | 8650 0100 

  0x000001bb3107fb1c: ;   {metadata(method data for {method} {0x000001bb494752f8} 'doPrivileged' '(Ljava/security/PrivilegedAction;Ljava/security/AccessControlContext;)Ljava/lang/Object;' in 'java/security/AccessController')}
  0x000001bb3107fb1c: 0001 48be | c092 638a | bb01 0000 | 8bbe cc00 | 0000 83c7 | 0289 becc | 0000 0081 | e7fe ff1f 
  0x000001bb3107fb3c: 0085 ff0f | 8415 0300 

  0x000001bb3107fb44: ;   {metadata(method data for {method} {0x000001bb494752f8} 'doPrivileged' '(Ljava/security/PrivilegedAction;Ljava/security/AccessControlContext;)Ljava/lang/Object;' in 'java/security/AccessController')}
  0x000001bb3107fb44: 0048 bec0 | 9263 8abb | 0100 0048 | 8386 1001 | 0000 0148 | 8944 2468 

  0x000001bb3107fb5c: ;   {static_call}
  0x000001bb3107fb5c: 6666 90e8 

  0x000001bb3107fb60: ; ImmutableOopMap {[96]=Oop [104]=Oop }
                      ;*invokestatic getCallerClass {reexecute=0 rethrow=0 return_oop=0}
                      ; - java.security.AccessController::doPrivileged@0 (line 398)
                      ; - java.security.ProtectionDomain$JavaSecurityAccessImpl::doIntersectionPrivilege@18 (line 87)
  0x000001bb3107fb60: fc06 9707 

  0x000001bb3107fb64: ;   {other}
  0x000001bb3107fb64: 0f1f 8400 | 5403 0001 

  0x000001bb3107fb6c: ;   {metadata(method data for {method} {0x000001bb494752f8} 'doPrivileged' '(Ljava/security/PrivilegedAction;Ljava/security/AccessControlContext;)Ljava/lang/Object;' in 'java/security/AccessController')}
  0x000001bb3107fb6c: 48ba c092 | 638a bb01 | 0000 4883 | 8220 0100 | 0001 488b | 5424 684c | 8bc0 4889 | 4424 700f 
  0x000001bb3107fb8c: ;   {static_call}
  0x000001bb3107fb8c: 1f40 00e8 

  0x000001bb3107fb90: ; ImmutableOopMap {[96]=Oop [112]=Oop }
                      ;*invokestatic checkContext {reexecute=0 rethrow=0 return_oop=0}
                      ; - java.security.AccessController::doPrivileged@6 (line 399)
                      ; - java.security.ProtectionDomain$JavaSecurityAccessImpl::doIntersectionPrivilege@18 (line 87)
  0x000001bb3107fb90: 2ce5 ffff 

  0x000001bb3107fb94: ;   {other}
  0x000001bb3107fb94: 0f1f 8400 | 8403 0002 | 4889 4424 

  0x000001bb3107fba0: ;   {metadata(method data for {method} {0x000001bb494752f8} 'doPrivileged' '(Ljava/security/PrivilegedAction;Ljava/security/AccessControlContext;)Ljava/lang/Object;' in 'java/security/AccessController')}
  0x000001bb3107fba0: 7848 bac0 | 9263 8abb | 0100 0048 | 8382 3001 

  0x000001bb3107fbb0: ;   {metadata(method data for {method} {0x000001bb49475580} 'executePrivileged' '(Ljava/security/PrivilegedAction;Ljava/security/AccessControlContext;Ljava/lang/Class;)Ljava/lang/Object;' in 'java/security/AccessController')}
  0x000001bb3107fbb0: 0000 0148 | baa0 541c | 8abb 0100 | 008b b2cc | 0000 0083 | c602 89b2 | cc00 0000 | 81e6 feff 
  0x000001bb3107fbd0: 1f00 85f6 | 0f84 a102 | 0000 4885 

  0x000001bb3107fbdc: ;   {metadata(method data for {method} {0x000001bb49475580} 'executePrivileged' '(Ljava/security/PrivilegedAction;Ljava/security/AccessControlContext;Ljava/lang/Class;)Ljava/lang/Object;' in 'java/security/AccessController')}
  0x000001bb3107fbdc: c048 baa0 | 541c 8abb | 0100 0048 | be10 0100 | 0000 0000 | 0074 0a48 | be20 0100 | 0000 0000 
  0x000001bb3107fbfc: 0048 8b3c | 3248 8d7f | 0148 893c | 320f 8425 

  0x000001bb3107fc0c: ;   {metadata(method data for {method} {0x000001bb49475580} 'executePrivileged' '(Ljava/security/PrivilegedAction;Ljava/security/AccessControlContext;Ljava/lang/Class;)Ljava/lang/Object;' in 'java/security/AccessController')}
  0x000001bb3107fc0c: 0000 0048 | baa0 541c | 8abb 0100 | 0048 8382 | 3001 0000 | 0148 8bd0 

  0x000001bb3107fc24: ;   {static_call}
  0x000001bb3107fc24: 6666 90e8 

  0x000001bb3107fc28: ; ImmutableOopMap {[96]=Oop [112]=Oop [120]=Oop }
                      ;*invokestatic ensureMaterializedForStackWalk {reexecute=0 rethrow=0 return_oop=0}
                      ; - java.security.AccessController::executePrivileged@5 (line 774)
                      ; - java.security.AccessController::doPrivileged@13 (line 400)
                      ; - java.security.ProtectionDomain$JavaSecurityAccessImpl::doIntersectionPrivilege@18 (line 87)
  0x000001bb3107fc28: 3494 9d07 

  0x000001bb3107fc2c: ;   {other}
  0x000001bb3107fc2c: 0f1f 8400 | 1c04 0003 

  0x000001bb3107fc34: ;   {metadata(method data for {method} {0x000001bb49475580} 'executePrivileged' '(Ljava/security/PrivilegedAction;Ljava/security/AccessControlContext;Ljava/lang/Class;)Ljava/lang/Object;' in 'java/security/AccessController')}
  0x000001bb3107fc34: 48ba a054 | 1c8a bb01 | 0000 ff82 | 4001 0000 | 4c8b 4424 | 6049 3b00 

  0x000001bb3107fc4c: ;   {metadata(method data for {method} {0x000001bb49475580} 'executePrivileged' '(Ljava/security/PrivilegedAction;Ljava/security/AccessControlContext;Ljava/lang/Class;)Ljava/lang/Object;' in 'java/security/AccessController')}
  0x000001bb3107fc4c: 498b d048 | bea0 541c | 8abb 0100 | 008b 5208 | 49ba 0000 | 0049 bb01 | 0000 4903 | d248 3b96 
  0x000001bb3107fc6c: b001 0000 | 750d 4883 | 86b8 0100 | 0001 e960 | 0000 0048 | 3b96 c001 | 0000 750d | 4883 86c8 
  0x000001bb3107fc8c: 0100 0001 | e94a 0000 | 0048 83be | b001 0000 | 0075 1748 | 8996 b001 | 0000 48c7 | 86b8 0100 
  0x000001bb3107fcac: 0001 0000 | 00e9 2900 | 0000 4883 | bec0 0100 | 0000 7517 | 4889 96c0 | 0100 0048 | c786 c801 
  0x000001bb3107fccc: 0000 0100 | 0000 e908 | 0000 0048 | 8386 a001 | 0000 0149 | 8bd0 6666 | 9048 b8ff | ffff ffff 
  0x000001bb3107fcec: ;   {virtual_call}
  0x000001bb3107fcec: ffff ffe8 

  0x000001bb3107fcf0: ; ImmutableOopMap {[112]=Oop [120]=Oop }
                      ;*invokeinterface run {reexecute=0 rethrow=0 return_oop=0}
                      ; - java.security.AccessController::executePrivileged@29 (line 778)
                      ; - java.security.AccessController::doPrivileged@13 (line 400)
                      ; - java.security.ProtectionDomain$JavaSecurityAccessImpl::doIntersectionPrivilege@18 (line 87)
  0x000001bb3107fcf0: ecb9 3f07 

  0x000001bb3107fcf4: ;   {other}
  0x000001bb3107fcf4: 0f1f 8400 | e404 0004 

  0x000001bb3107fcfc: ;   {metadata(method data for {method} {0x000001bb49475580} 'executePrivileged' '(Ljava/security/PrivilegedAction;Ljava/security/AccessControlContext;Ljava/lang/Class;)Ljava/lang/Object;' in 'java/security/AccessController')}
  0x000001bb3107fcfc: 48ba a054 | 1c8a bb01 | 0000 ff82 | d801 0000 | 488b 5424 

  0x000001bb3107fd10: ;   {metadata(method data for {method} {0x000001bb49475580} 'executePrivileged' '(Ljava/security/PrivilegedAction;Ljava/security/AccessControlContext;Ljava/lang/Class;)Ljava/lang/Object;' in 'java/security/AccessController')}
  0x000001bb3107fd10: 7048 bea0 | 541c 8abb | 0100 0048 | 8386 3802 

  0x000001bb3107fd20: ;   {metadata(method data for {method} {0x000001bb4903cfd8} 'reachabilityFence' '(Ljava/lang/Object;)V' in 'java/lang/ref/Reference')}
  0x000001bb3107fd20: 0000 0148 | bea8 3f12 | 8abb 0100 | 008b becc | 0000 0083 | c702 89be | cc00 0000 | 81e7 feff 
  0x000001bb3107fd40: 1f00 85ff | 0f84 5701 

  0x000001bb3107fd48: ;   {metadata(method data for {method} {0x000001bb49475580} 'executePrivileged' '(Ljava/security/PrivilegedAction;Ljava/security/AccessControlContext;Ljava/lang/Class;)Ljava/lang/Object;' in 'java/security/AccessController')}
  0x000001bb3107fd48: 0000 48ba | a054 1c8a | bb01 0000 | 4883 8248 | 0200 0001 

  0x000001bb3107fd5c: ;   {metadata(method data for {method} {0x000001bb4903cfd8} 'reachabilityFence' '(Ljava/lang/Object;)V' in 'java/lang/ref/Reference')}
  0x000001bb3107fd5c: 48ba a83f | 128a bb01 | 0000 8bb2 | cc00 0000 | 83c6 0289 | b2cc 0000 | 0081 e6fe | ff1f 0085 
  0x000001bb3107fd7c: f60f 843f | 0100 0048 | 81c4 9000 

  0x000001bb3107fd88: ;   {poll_return}
  0x000001bb3107fd88: 0000 5d49 | 3ba7 4804 | 0000 0f87 | 4b01 0000 | c30f 1f80 | 0000 0000 

  0x000001bb3107fda0: ;   {no_reloc}
  0x000001bb3107fda0: e963 0100 | 0000 0000 | 0000 498b | 87b8 0100 | 0048 8d78 | 3049 3bbf | c801 0000 | 0f87 5001 
  0x000001bb3107fdc0: 0000 4989 | bfb8 0100 | 0048 c700 | 0100 0000 | 488b ca49 | ba00 0000 | 49bb 0100 | 0049 2bca 
  0x000001bb3107fde0: 8948 0848 | 33c9 8948 | 0c48 33c9 | 4889 4810 | 4889 4818 | 4889 4820 | 4889 4828 

  0x000001bb3107fdfc: ;   {metadata(method data for {method} {0x000001bb4911ba60} 'doIntersectionPrivilege' '(Ljava/security/PrivilegedAction;Ljava/security/AccessControlContext;Ljava/security/AccessControlContext;)Ljava/lang/Object;' in 'java/security/ProtectionDomain$JavaSecurityAccessImpl')}
  0x000001bb3107fdfc: 488b d048 | be50 9763 | 8abb 0100 | 0048 8386 | 3001 0000 | 0148 8bd0 | 4889 8424 | 8000 0000 
  0x000001bb3107fe1c: ;   {optimized virtual_call}
  0x000001bb3107fe1c: 6666 90e8 

  0x000001bb3107fe20: ; ImmutableOopMap {[128]=Oop }
                      ;*invokespecial <init> {reexecute=0 rethrow=0 return_oop=0}
                      ; - java.security.ProtectionDomain$JavaSecurityAccessImpl::doIntersectionPrivilege@8 (line 84)
  0x000001bb3107fe20: 5cec 3f07 

  0x000001bb3107fe24: ;   {other}
  0x000001bb3107fe24: 0f1f 8400 | 1406 0005 | 488b 8424 | 8000 0000 | e903 0100 

  0x000001bb3107fe38: ;   {metadata({method} {0x000001bb4911ba60} 'doIntersectionPrivilege' '(Ljava/security/PrivilegedAction;Ljava/security/AccessControlContext;Ljava/security/AccessControlContext;)Ljava/lang/Object;' in 'java/security/ProtectionDomain$JavaSecurityAccessImpl')}
  0x000001bb3107fe38: 0049 ba58 | ba11 49bb | 0100 004c | 8954 2408 | 48c7 0424 | ffff ffff 

  0x000001bb3107fe50: ;   {runtime_call counter_overflow Runtime1 stub}
  0x000001bb3107fe50: e82b a54c 

  0x000001bb3107fe54: ; ImmutableOopMap {rdx=Oop r8=Oop r9=Oop rdi=Oop }
                      ;*synchronization entry
                      ; - java.security.ProtectionDomain$JavaSecurityAccessImpl::doIntersectionPrivilege@-1 (line 83)
  0x000001bb3107fe54: 07e9 4cfc 

  0x000001bb3107fe58: ;   {metadata({method} {0x000001bb494752f8} 'doPrivileged' '(Ljava/security/PrivilegedAction;Ljava/security/AccessControlContext;)Ljava/lang/Object;' in 'java/security/AccessController')}
  0x000001bb3107fe58: ffff 49ba | f052 4749 | bb01 0000 | 4c89 5424 | 0848 c704 | 24ff ffff 

  0x000001bb3107fe70: ;   {runtime_call counter_overflow Runtime1 stub}
  0x000001bb3107fe70: ffe8 0aa5 

  0x000001bb3107fe74: ; ImmutableOopMap {rax=Oop [96]=Oop }
                      ;*synchronization entry
                      ; - java.security.AccessController::doPrivileged@-1 (line 398)
                      ; - java.security.ProtectionDomain$JavaSecurityAccessImpl::doIntersectionPrivilege@18 (line 87)
  0x000001bb3107fe74: 4c07 e9ca 

  0x000001bb3107fe78: ;   {metadata({method} {0x000001bb49475580} 'executePrivileged' '(Ljava/security/PrivilegedAction;Ljava/security/AccessControlContext;Ljava/lang/Class;)Ljava/lang/Object;' in 'java/security/AccessController')}
  0x000001bb3107fe78: fcff ff49 | ba78 5547 | 49bb 0100 | 004c 8954 | 2408 48c7 | 0424 ffff 

  0x000001bb3107fe90: ;   {runtime_call counter_overflow Runtime1 stub}
  0x000001bb3107fe90: ffff e8e9 

  0x000001bb3107fe94: ; ImmutableOopMap {rax=Oop [96]=Oop [112]=Oop [120]=Oop }
                      ;*synchronization entry
                      ; - java.security.AccessController::executePrivileged@-1 (line 773)
                      ; - java.security.AccessController::doPrivileged@13 (line 400)
                      ; - java.security.ProtectionDomain$JavaSecurityAccessImpl::doIntersectionPrivilege@18 (line 87)
  0x000001bb3107fe94: a44c 07e9 | 3efd ffff 

  0x000001bb3107fe9c: ;   {runtime_call throw_null_pointer_exception Runtime1 stub}
  0x000001bb3107fe9c: e8df 444c 

  0x000001bb3107fea0: ; ImmutableOopMap {r8=Oop [112]=Oop [120]=Oop }
                      ;*invokeinterface run {reexecute=0 rethrow=0 return_oop=0}
                      ; - java.security.AccessController::executePrivileged@29 (line 778)
                      ; - java.security.AccessController::doPrivileged@13 (line 400)
                      ; - java.security.ProtectionDomain$JavaSecurityAccessImpl::doIntersectionPrivilege@18 (line 87)
                      ;   {metadata({method} {0x000001bb4903cfd8} 'reachabilityFence' '(Ljava/lang/Object;)V' in 'java/lang/ref/Reference')}
  0x000001bb3107fea0: 0749 bad0 | cf03 49bb | 0100 004c | 8954 2408 | 48c7 0424 | ffff ffff 

  0x000001bb3107feb8: ;   {runtime_call counter_overflow Runtime1 stub}
  0x000001bb3107feb8: e8c3 a44c 

  0x000001bb3107febc: ; ImmutableOopMap {rax=Oop rdx=Oop }
                      ;*synchronization entry
                      ; - java.lang.ref.Reference::reachabilityFence@-1 (line 628)
                      ; - java.security.AccessController::executePrivileged@56 (line 783)
                      ; - java.security.AccessController::doPrivileged@13 (line 400)
                      ; - java.security.ProtectionDomain$JavaSecurityAccessImpl::doIntersectionPrivilege@18 (line 87)
  0x000001bb3107febc: 07e9 88fe 

  0x000001bb3107fec0: ;   {metadata({method} {0x000001bb4903cfd8} 'reachabilityFence' '(Ljava/lang/Object;)V' in 'java/lang/ref/Reference')}
  0x000001bb3107fec0: ffff 49ba | d0cf 0349 | bb01 0000 | 4c89 5424 | 0848 c704 | 24ff ffff 

  0x000001bb3107fed8: ;   {runtime_call counter_overflow Runtime1 stub}
  0x000001bb3107fed8: ffe8 a2a4 

  0x000001bb3107fedc: ; ImmutableOopMap {rax=Oop }
                      ;*synchronization entry
                      ; - java.lang.ref.Reference::reachabilityFence@-1 (line 628)
                      ; - java.security.AccessController::executePrivileged@60 (line 784)
                      ; - java.security.AccessController::doPrivileged@13 (line 400)
                      ; - java.security.ProtectionDomain$JavaSecurityAccessImpl::doIntersectionPrivilege@18 (line 87)
  0x000001bb3107fedc: 4c07 e9a0 

  0x000001bb3107fee0: ;   {internal_word}
  0x000001bb3107fee0: feff ff49 | ba8b fd07 | 31bb 0100 | 004d 8997 | 6004 0000 

  0x000001bb3107fef4: ;   {runtime_call SafepointBlob}
  0x000001bb3107fef4: e907 5840 

  0x000001bb3107fef8: ;   {metadata(nullptr)}
  0x000001bb3107fef8: 0748 ba00 | 0000 0000 | 0000 00b8 | 000f 050a 

  0x000001bb3107ff08: ;   {runtime_call load_klass_patching Runtime1 stub}
  0x000001bb3107ff08: e8f3 8e4c 

  0x000001bb3107ff0c: ; ImmutableOopMap {}
                      ;*new {reexecute=1 rethrow=0 return_oop=0}
                      ; - (reexecute) java.security.ProtectionDomain$JavaSecurityAccessImpl::doIntersectionPrivilege@4 (line 84)
  0x000001bb3107ff0c: 07e9 8efe | ffff 488b 

  0x000001bb3107ff14: ;   {runtime_call fast_new_instance Runtime1 stub}
  0x000001bb3107ff14: d2e8 664d 

  0x000001bb3107ff18: ; ImmutableOopMap {}
                      ;*new {reexecute=0 rethrow=0 return_oop=0}
                      ; - java.security.ProtectionDomain$JavaSecurityAccessImpl::doIntersectionPrivilege@4 (line 84)
  0x000001bb3107ff18: 4c07 e9dd | feff ff49 | 8b87 f804 | 0000 49c7 | 87f8 0400 | 0000 0000 | 0049 c787 | 0005 0000 
  0x000001bb3107ff38: 0000 0000 | 4881 c490 | 0000 005d 

  0x000001bb3107ff44: ;   {runtime_call unwind_exception Runtime1 stub}
  0x000001bb3107ff44: e9b7 304c | 07f4 f4f4 | f4f4 f4f4 
[Stub Code]
  0x000001bb3107ff50: ;   {no_reloc}
  0x000001bb3107ff50: 0f1f 4400 

  0x000001bb3107ff54: ;   {static_stub}
  0x000001bb3107ff54: 0048 bb00 | 0000 0000 

  0x000001bb3107ff5c: ;   {runtime_call}
  0x000001bb3107ff5c: 0000 00e9 | fbff ffff 

  0x000001bb3107ff64: ;   {static_stub}
  0x000001bb3107ff64: 48bb 0000 | 0000 0000 

  0x000001bb3107ff6c: ;   {runtime_call}
  0x000001bb3107ff6c: 0000 e9fb 

  0x000001bb3107ff70: ;   {static_stub}
  0x000001bb3107ff70: ffff ff48 | bb00 0000 | 0000 0000 

  0x000001bb3107ff7c: ;   {runtime_call}
  0x000001bb3107ff7c: 00e9 fbff 

  0x000001bb3107ff80: ;   {static_stub}
  0x000001bb3107ff80: ffff 48bb | 0000 0000 | 0000 0000 

  0x000001bb3107ff8c: ;   {runtime_call}
  0x000001bb3107ff8c: e9fb ffff 

  0x000001bb3107ff90: ;   {static_stub}
  0x000001bb3107ff90: ff48 bb00 | 0000 0000 

  0x000001bb3107ff98: ;   {runtime_call}
  0x000001bb3107ff98: 0000 00e9 | fbff ffff 

  0x000001bb3107ffa0: ;   {static_stub}
  0x000001bb3107ffa0: 48bb 0000 | 0000 0000 

  0x000001bb3107ffa8: ;   {runtime_call}
  0x000001bb3107ffa8: 0000 e9fb 

  0x000001bb3107ffac: ;   {runtime_call handle_exception_from_callee Runtime1 stub}
  0x000001bb3107ffac: ffff ffe8 | cc61 4c07 

  0x000001bb3107ffb4: ;   {external_word}
  0x000001bb3107ffb4: 48b9 b048 | cfb0 f97f | 0000 4883 

  0x000001bb3107ffc0: ;   {runtime_call}
  0x000001bb3107ffc0: e4f0 48b8 | 202f 97b0 | f97f 0000 

  0x000001bb3107ffcc: ;   {section_word}
  0x000001bb3107ffcc: ffd0 f449 | bacf ff07 | 31bb 0100 

  0x000001bb3107ffd8: ;   {runtime_call DeoptimizationBlob}
  0x000001bb3107ffd8: 0041 52e9 | c049 4007 
[/MachCode]


---------------  P R O C E S S  ---------------

Threads class SMR info:
_java_thread_list=0x000001bb9526c760, length=18, elements={
0x000001bb4800cdc0, 0x000001bb4800d620, 0x000001bb48010480, 0x000001bb48012f80,
0x000001bb480135e0, 0x000001bb48017d80, 0x000001bb4801cd50, 0x000001bb4803a160,
0x000001bb47fdd6e0, 0x000001bb483f1950, 0x000001bb483f1fb0, 0x000001bb48498400,
0x000001bb4849eab0, 0x000001bb484ad2f0, 0x000001bb28a63340, 0x000001bb8e45bc30,
0x000001bb954c1230, 0x000001bb950d8370
}

Java Threads: ( => current thread )
  0x000001bb4800cdc0 JavaThread "Reference Handler"          daemon [_thread_blocked, id=5544, stack(0x000000833d300000,0x000000833d400000) (1024K)]
  0x000001bb4800d620 JavaThread "Finalizer"                  daemon [_thread_blocked, id=18428, stack(0x000000833d400000,0x000000833d500000) (1024K)]
  0x000001bb48010480 JavaThread "Signal Dispatcher"          daemon [_thread_blocked, id=7436, stack(0x000000833d500000,0x000000833d600000) (1024K)]
  0x000001bb48012f80 JavaThread "Attach Listener"            daemon [_thread_blocked, id=19396, stack(0x000000833d600000,0x000000833d700000) (1024K)]
  0x000001bb480135e0 JavaThread "Service Thread"             daemon [_thread_blocked, id=12660, stack(0x000000833d700000,0x000000833d800000) (1024K)]
  0x000001bb48017d80 JavaThread "Monitor Deflation Thread"   daemon [_thread_blocked, id=2864, stack(0x000000833d800000,0x000000833d900000) (1024K)]
  0x000001bb4801cd50 JavaThread "C2 CompilerThread0"         daemon [_thread_blocked, id=19224, stack(0x000000833d900000,0x000000833da00000) (1024K)]
  0x000001bb4803a160 JavaThread "C1 CompilerThread0"         daemon [_thread_blocked, id=5360, stack(0x000000833da00000,0x000000833db00000) (1024K)]
  0x000001bb47fdd6e0 JavaThread "Common-Cleaner"             daemon [_thread_blocked, id=5204, stack(0x000000833db00000,0x000000833dc00000) (1024K)]
  0x000001bb483f1950 JavaThread "Monitor Ctrl-Break"         daemon [_thread_in_native, id=2728, stack(0x000000833dc00000,0x000000833dd00000) (1024K)]
  0x000001bb483f1fb0 JavaThread "Notification Thread"        daemon [_thread_blocked, id=18472, stack(0x000000833dd00000,0x000000833de00000) (1024K)]
  0x000001bb48498400 JavaThread "Java2D Disposer"            daemon [_thread_blocked, id=4752, stack(0x000000833de00000,0x000000833df00000) (1024K)]
  0x000001bb4849eab0 JavaThread "AWT-Shutdown"                      [_thread_blocked, id=13524, stack(0x000000833df00000,0x000000833e000000) (1024K)]
=>0x000001bb484ad2f0 JavaThread "AWT-EventQueue-0"                  [_thread_in_native, id=16012, stack(0x000000833e100000,0x000000833e200000) (1024K)]
  0x000001bb28a63340 JavaThread "DestroyJavaVM"                     [_thread_blocked, id=4576, stack(0x000000833cb00000,0x000000833cc00000) (1024K)]
  0x000001bb8e45bc30 JavaThread "Thread-0"                          [_thread_blocked, id=8868, stack(0x000000833e400000,0x000000833e500000) (1024K)]
  0x000001bb954c1230 JavaThread "SIGINT handler"             daemon [_thread_blocked, id=19260, stack(0x000000833e800000,0x000000833e900000) (1024K)]
  0x000001bb950d8370 JavaThread "ToolkitShutdown"            daemon [_thread_in_native, id=15772, stack(0x000000833e900000,0x000000833ea00000) (1024K)]
Total: 18

Other Threads:
  0x000001bb47ff2a90 VMThread "VM Thread"                           [id=19280, stack(0x000000833d200000,0x000000833d300000) (1024K)]
  0x000001bb47fdca30 WatcherThread "VM Periodic Task Thread"        [id=18368, stack(0x000000833d100000,0x000000833d200000) (1024K)]
  0x000001bb28ac9b80 WorkerThread "GC Thread#0"                     [id=12716, stack(0x000000833cc00000,0x000000833cd00000) (1024K)]
  0x000001bb28adbc80 ConcurrentGCThread "G1 Main Marker"            [id=11904, stack(0x000000833cd00000,0x000000833ce00000) (1024K)]
  0x000001bb28addb00 WorkerThread "G1 Conc#0"                       [id=14472, stack(0x000000833ce00000,0x000000833cf00000) (1024K)]
  0x000001bb28b2eaf0 ConcurrentGCThread "G1 Refine#0"               [id=18564, stack(0x000000833cf00000,0x000000833d000000) (1024K)]
  0x000001bb47eac540 ConcurrentGCThread "G1 Service"                [id=19344, stack(0x000000833d000000,0x000000833d100000) (1024K)]
Total: 7

Threads with active compile tasks:
Total: 0

VM state: not at safepoint (normal execution)

VM Mutex/Monitor currently owned by a thread: None

Heap address: 0x0000000702000000, size: 4064 MB, Compressed Oops mode: Zero based, Oop shift amount: 3

CDS archive(s) mapped at: [0x000001bb49000000-0x000001bb49c90000-0x000001bb49c90000), size 13172736, SharedBaseAddress: 0x000001bb49000000, ArchiveRelocationMode: 1.
Compressed class space mapped at: 0x000001bb4a000000-0x000001bb8a000000, reserved size: 1073741824
Narrow klass base: 0x000001bb49000000, Narrow klass shift: 0, Narrow klass range: 0x100000000

GC Precious Log:
 CardTable entry size: 512
 Card Set container configuration: InlinePtr #cards 4 size 8 Array Of Cards #cards 16 size 48 Howl #buckets 8 coarsen threshold 3686 Howl Bitmap #cards 512 size 80 coarsen threshold 460 Card regions per heap region 1 cards per card region 4096
 CPUs: 12 total, 12 available
 Memory: 16250M
 Large Page Support: Disabled
 NUMA Support: Disabled
 Compressed Oops: Enabled (Zero based)
 Heap Region Size: 2M
 Heap Min Capacity: 8M
 Heap Initial Capacity: 254M
 Heap Max Capacity: 4064M
 Pre-touch: Disabled
 Parallel Workers: 10
 Concurrent Workers: 3
 Concurrent Refinement Workers: 10
 Periodic GC: Disabled

Heap:
 garbage-first heap   total 260096K, used 12288K [0x0000000702000000, 0x0000000800000000)
  region size 2048K, 7 young (14336K), 0 survivors (0K)
 Metaspace       used 7100K, committed 7360K, reserved 1114112K
  class space    used 747K, committed 896K, reserved 1048576K

Heap Regions: E=young(eden), S=young(survivor), O=old, HS=humongous(starts), HC=humongous(continues), CS=collection set, F=free, TAMS=top-at-mark-start, PB=parsable bottom
|   0|0x0000000702000000, 0x0000000702000000, 0x0000000702200000|  0%| F|  |TAMS 0x0000000702000000| PB 0x0000000702000000| Untracked 
|   1|0x0000000702200000, 0x0000000702200000, 0x0000000702400000|  0%| F|  |TAMS 0x0000000702200000| PB 0x0000000702200000| Untracked 
|   2|0x0000000702400000, 0x0000000702400000, 0x0000000702600000|  0%| F|  |TAMS 0x0000000702400000| PB 0x0000000702400000| Untracked 
|   3|0x0000000702600000, 0x0000000702600000, 0x0000000702800000|  0%| F|  |TAMS 0x0000000702600000| PB 0x0000000702600000| Untracked 
|   4|0x0000000702800000, 0x0000000702800000, 0x0000000702a00000|  0%| F|  |TAMS 0x0000000702800000| PB 0x0000000702800000| Untracked 
|   5|0x0000000702a00000, 0x0000000702a00000, 0x0000000702c00000|  0%| F|  |TAMS 0x0000000702a00000| PB 0x0000000702a00000| Untracked 
|   6|0x0000000702c00000, 0x0000000702c00000, 0x0000000702e00000|  0%| F|  |TAMS 0x0000000702c00000| PB 0x0000000702c00000| Untracked 
|   7|0x0000000702e00000, 0x0000000702e00000, 0x0000000703000000|  0%| F|  |TAMS 0x0000000702e00000| PB 0x0000000702e00000| Untracked 
|   8|0x0000000703000000, 0x0000000703000000, 0x0000000703200000|  0%| F|  |TAMS 0x0000000703000000| PB 0x0000000703000000| Untracked 
|   9|0x0000000703200000, 0x0000000703200000, 0x0000000703400000|  0%| F|  |TAMS 0x0000000703200000| PB 0x0000000703200000| Untracked 
|  10|0x0000000703400000, 0x0000000703400000, 0x0000000703600000|  0%| F|  |TAMS 0x0000000703400000| PB 0x0000000703400000| Untracked 
|  11|0x0000000703600000, 0x0000000703600000, 0x0000000703800000|  0%| F|  |TAMS 0x0000000703600000| PB 0x0000000703600000| Untracked 
|  12|0x0000000703800000, 0x0000000703800000, 0x0000000703a00000|  0%| F|  |TAMS 0x0000000703800000| PB 0x0000000703800000| Untracked 
|  13|0x0000000703a00000, 0x0000000703a00000, 0x0000000703c00000|  0%| F|  |TAMS 0x0000000703a00000| PB 0x0000000703a00000| Untracked 
|  14|0x0000000703c00000, 0x0000000703c00000, 0x0000000703e00000|  0%| F|  |TAMS 0x0000000703c00000| PB 0x0000000703c00000| Untracked 
|  15|0x0000000703e00000, 0x0000000703e00000, 0x0000000704000000|  0%| F|  |TAMS 0x0000000703e00000| PB 0x0000000703e00000| Untracked 
|  16|0x0000000704000000, 0x0000000704000000, 0x0000000704200000|  0%| F|  |TAMS 0x0000000704000000| PB 0x0000000704000000| Untracked 
|  17|0x0000000704200000, 0x0000000704200000, 0x0000000704400000|  0%| F|  |TAMS 0x0000000704200000| PB 0x0000000704200000| Untracked 
|  18|0x0000000704400000, 0x0000000704400000, 0x0000000704600000|  0%| F|  |TAMS 0x0000000704400000| PB 0x0000000704400000| Untracked 
|  19|0x0000000704600000, 0x0000000704600000, 0x0000000704800000|  0%| F|  |TAMS 0x0000000704600000| PB 0x0000000704600000| Untracked 
|  20|0x0000000704800000, 0x0000000704800000, 0x0000000704a00000|  0%| F|  |TAMS 0x0000000704800000| PB 0x0000000704800000| Untracked 
|  21|0x0000000704a00000, 0x0000000704a00000, 0x0000000704c00000|  0%| F|  |TAMS 0x0000000704a00000| PB 0x0000000704a00000| Untracked 
|  22|0x0000000704c00000, 0x0000000704c00000, 0x0000000704e00000|  0%| F|  |TAMS 0x0000000704c00000| PB 0x0000000704c00000| Untracked 
|  23|0x0000000704e00000, 0x0000000704e00000, 0x0000000705000000|  0%| F|  |TAMS 0x0000000704e00000| PB 0x0000000704e00000| Untracked 
|  24|0x0000000705000000, 0x0000000705000000, 0x0000000705200000|  0%| F|  |TAMS 0x0000000705000000| PB 0x0000000705000000| Untracked 
|  25|0x0000000705200000, 0x0000000705200000, 0x0000000705400000|  0%| F|  |TAMS 0x0000000705200000| PB 0x0000000705200000| Untracked 
|  26|0x0000000705400000, 0x0000000705400000, 0x0000000705600000|  0%| F|  |TAMS 0x0000000705400000| PB 0x0000000705400000| Untracked 
|  27|0x0000000705600000, 0x0000000705600000, 0x0000000705800000|  0%| F|  |TAMS 0x0000000705600000| PB 0x0000000705600000| Untracked 
|  28|0x0000000705800000, 0x0000000705800000, 0x0000000705a00000|  0%| F|  |TAMS 0x0000000705800000| PB 0x0000000705800000| Untracked 
|  29|0x0000000705a00000, 0x0000000705a00000, 0x0000000705c00000|  0%| F|  |TAMS 0x0000000705a00000| PB 0x0000000705a00000| Untracked 
|  30|0x0000000705c00000, 0x0000000705c00000, 0x0000000705e00000|  0%| F|  |TAMS 0x0000000705c00000| PB 0x0000000705c00000| Untracked 
|  31|0x0000000705e00000, 0x0000000705e00000, 0x0000000706000000|  0%| F|  |TAMS 0x0000000705e00000| PB 0x0000000705e00000| Untracked 
|  32|0x0000000706000000, 0x0000000706000000, 0x0000000706200000|  0%| F|  |TAMS 0x0000000706000000| PB 0x0000000706000000| Untracked 
|  33|0x0000000706200000, 0x0000000706200000, 0x0000000706400000|  0%| F|  |TAMS 0x0000000706200000| PB 0x0000000706200000| Untracked 
|  34|0x0000000706400000, 0x0000000706400000, 0x0000000706600000|  0%| F|  |TAMS 0x0000000706400000| PB 0x0000000706400000| Untracked 
|  35|0x0000000706600000, 0x0000000706600000, 0x0000000706800000|  0%| F|  |TAMS 0x0000000706600000| PB 0x0000000706600000| Untracked 
|  36|0x0000000706800000, 0x0000000706800000, 0x0000000706a00000|  0%| F|  |TAMS 0x0000000706800000| PB 0x0000000706800000| Untracked 
|  37|0x0000000706a00000, 0x0000000706a00000, 0x0000000706c00000|  0%| F|  |TAMS 0x0000000706a00000| PB 0x0000000706a00000| Untracked 
|  38|0x0000000706c00000, 0x0000000706c00000, 0x0000000706e00000|  0%| F|  |TAMS 0x0000000706c00000| PB 0x0000000706c00000| Untracked 
|  39|0x0000000706e00000, 0x0000000706e00000, 0x0000000707000000|  0%| F|  |TAMS 0x0000000706e00000| PB 0x0000000706e00000| Untracked 
|  40|0x0000000707000000, 0x0000000707000000, 0x0000000707200000|  0%| F|  |TAMS 0x0000000707000000| PB 0x0000000707000000| Untracked 
|  41|0x0000000707200000, 0x0000000707200000, 0x0000000707400000|  0%| F|  |TAMS 0x0000000707200000| PB 0x0000000707200000| Untracked 
|  42|0x0000000707400000, 0x0000000707400000, 0x0000000707600000|  0%| F|  |TAMS 0x0000000707400000| PB 0x0000000707400000| Untracked 
|  43|0x0000000707600000, 0x0000000707600000, 0x0000000707800000|  0%| F|  |TAMS 0x0000000707600000| PB 0x0000000707600000| Untracked 
|  44|0x0000000707800000, 0x0000000707800000, 0x0000000707a00000|  0%| F|  |TAMS 0x0000000707800000| PB 0x0000000707800000| Untracked 
|  45|0x0000000707a00000, 0x0000000707a00000, 0x0000000707c00000|  0%| F|  |TAMS 0x0000000707a00000| PB 0x0000000707a00000| Untracked 
|  46|0x0000000707c00000, 0x0000000707c00000, 0x0000000707e00000|  0%| F|  |TAMS 0x0000000707c00000| PB 0x0000000707c00000| Untracked 
|  47|0x0000000707e00000, 0x0000000707e00000, 0x0000000708000000|  0%| F|  |TAMS 0x0000000707e00000| PB 0x0000000707e00000| Untracked 
|  48|0x0000000708000000, 0x0000000708000000, 0x0000000708200000|  0%| F|  |TAMS 0x0000000708000000| PB 0x0000000708000000| Untracked 
|  49|0x0000000708200000, 0x0000000708200000, 0x0000000708400000|  0%| F|  |TAMS 0x0000000708200000| PB 0x0000000708200000| Untracked 
|  50|0x0000000708400000, 0x0000000708400000, 0x0000000708600000|  0%| F|  |TAMS 0x0000000708400000| PB 0x0000000708400000| Untracked 
|  51|0x0000000708600000, 0x0000000708600000, 0x0000000708800000|  0%| F|  |TAMS 0x0000000708600000| PB 0x0000000708600000| Untracked 
|  52|0x0000000708800000, 0x0000000708800000, 0x0000000708a00000|  0%| F|  |TAMS 0x0000000708800000| PB 0x0000000708800000| Untracked 
|  53|0x0000000708a00000, 0x0000000708a00000, 0x0000000708c00000|  0%| F|  |TAMS 0x0000000708a00000| PB 0x0000000708a00000| Untracked 
|  54|0x0000000708c00000, 0x0000000708c00000, 0x0000000708e00000|  0%| F|  |TAMS 0x0000000708c00000| PB 0x0000000708c00000| Untracked 
|  55|0x0000000708e00000, 0x0000000708e00000, 0x0000000709000000|  0%| F|  |TAMS 0x0000000708e00000| PB 0x0000000708e00000| Untracked 
|  56|0x0000000709000000, 0x0000000709000000, 0x0000000709200000|  0%| F|  |TAMS 0x0000000709000000| PB 0x0000000709000000| Untracked 
|  57|0x0000000709200000, 0x0000000709200000, 0x0000000709400000|  0%| F|  |TAMS 0x0000000709200000| PB 0x0000000709200000| Untracked 
|  58|0x0000000709400000, 0x0000000709400000, 0x0000000709600000|  0%| F|  |TAMS 0x0000000709400000| PB 0x0000000709400000| Untracked 
|  59|0x0000000709600000, 0x0000000709600000, 0x0000000709800000|  0%| F|  |TAMS 0x0000000709600000| PB 0x0000000709600000| Untracked 
|  60|0x0000000709800000, 0x0000000709800000, 0x0000000709a00000|  0%| F|  |TAMS 0x0000000709800000| PB 0x0000000709800000| Untracked 
|  61|0x0000000709a00000, 0x0000000709a00000, 0x0000000709c00000|  0%| F|  |TAMS 0x0000000709a00000| PB 0x0000000709a00000| Untracked 
|  62|0x0000000709c00000, 0x0000000709c00000, 0x0000000709e00000|  0%| F|  |TAMS 0x0000000709c00000| PB 0x0000000709c00000| Untracked 
|  63|0x0000000709e00000, 0x0000000709e00000, 0x000000070a000000|  0%| F|  |TAMS 0x0000000709e00000| PB 0x0000000709e00000| Untracked 
|  64|0x000000070a000000, 0x000000070a000000, 0x000000070a200000|  0%| F|  |TAMS 0x000000070a000000| PB 0x000000070a000000| Untracked 
|  65|0x000000070a200000, 0x000000070a200000, 0x000000070a400000|  0%| F|  |TAMS 0x000000070a200000| PB 0x000000070a200000| Untracked 
|  66|0x000000070a400000, 0x000000070a400000, 0x000000070a600000|  0%| F|  |TAMS 0x000000070a400000| PB 0x000000070a400000| Untracked 
|  67|0x000000070a600000, 0x000000070a600000, 0x000000070a800000|  0%| F|  |TAMS 0x000000070a600000| PB 0x000000070a600000| Untracked 
|  68|0x000000070a800000, 0x000000070a800000, 0x000000070aa00000|  0%| F|  |TAMS 0x000000070a800000| PB 0x000000070a800000| Untracked 
|  69|0x000000070aa00000, 0x000000070aa00000, 0x000000070ac00000|  0%| F|  |TAMS 0x000000070aa00000| PB 0x000000070aa00000| Untracked 
|  70|0x000000070ac00000, 0x000000070ac00000, 0x000000070ae00000|  0%| F|  |TAMS 0x000000070ac00000| PB 0x000000070ac00000| Untracked 
|  71|0x000000070ae00000, 0x000000070ae00000, 0x000000070b000000|  0%| F|  |TAMS 0x000000070ae00000| PB 0x000000070ae00000| Untracked 
|  72|0x000000070b000000, 0x000000070b000000, 0x000000070b200000|  0%| F|  |TAMS 0x000000070b000000| PB 0x000000070b000000| Untracked 
|  73|0x000000070b200000, 0x000000070b200000, 0x000000070b400000|  0%| F|  |TAMS 0x000000070b200000| PB 0x000000070b200000| Untracked 
|  74|0x000000070b400000, 0x000000070b400000, 0x000000070b600000|  0%| F|  |TAMS 0x000000070b400000| PB 0x000000070b400000| Untracked 
|  75|0x000000070b600000, 0x000000070b600000, 0x000000070b800000|  0%| F|  |TAMS 0x000000070b600000| PB 0x000000070b600000| Untracked 
|  76|0x000000070b800000, 0x000000070b800000, 0x000000070ba00000|  0%| F|  |TAMS 0x000000070b800000| PB 0x000000070b800000| Untracked 
|  77|0x000000070ba00000, 0x000000070ba00000, 0x000000070bc00000|  0%| F|  |TAMS 0x000000070ba00000| PB 0x000000070ba00000| Untracked 
|  78|0x000000070bc00000, 0x000000070bc00000, 0x000000070be00000|  0%| F|  |TAMS 0x000000070bc00000| PB 0x000000070bc00000| Untracked 
|  79|0x000000070be00000, 0x000000070be00000, 0x000000070c000000|  0%| F|  |TAMS 0x000000070be00000| PB 0x000000070be00000| Untracked 
|  80|0x000000070c000000, 0x000000070c000000, 0x000000070c200000|  0%| F|  |TAMS 0x000000070c000000| PB 0x000000070c000000| Untracked 
|  81|0x000000070c200000, 0x000000070c200000, 0x000000070c400000|  0%| F|  |TAMS 0x000000070c200000| PB 0x000000070c200000| Untracked 
|  82|0x000000070c400000, 0x000000070c400000, 0x000000070c600000|  0%| F|  |TAMS 0x000000070c400000| PB 0x000000070c400000| Untracked 
|  83|0x000000070c600000, 0x000000070c600000, 0x000000070c800000|  0%| F|  |TAMS 0x000000070c600000| PB 0x000000070c600000| Untracked 
|  84|0x000000070c800000, 0x000000070c800000, 0x000000070ca00000|  0%| F|  |TAMS 0x000000070c800000| PB 0x000000070c800000| Untracked 
|  85|0x000000070ca00000, 0x000000070ca00000, 0x000000070cc00000|  0%| F|  |TAMS 0x000000070ca00000| PB 0x000000070ca00000| Untracked 
|  86|0x000000070cc00000, 0x000000070cc00000, 0x000000070ce00000|  0%| F|  |TAMS 0x000000070cc00000| PB 0x000000070cc00000| Untracked 
|  87|0x000000070ce00000, 0x000000070ce00000, 0x000000070d000000|  0%| F|  |TAMS 0x000000070ce00000| PB 0x000000070ce00000| Untracked 
|  88|0x000000070d000000, 0x000000070d000000, 0x000000070d200000|  0%| F|  |TAMS 0x000000070d000000| PB 0x000000070d000000| Untracked 
|  89|0x000000070d200000, 0x000000070d200000, 0x000000070d400000|  0%| F|  |TAMS 0x000000070d200000| PB 0x000000070d200000| Untracked 
|  90|0x000000070d400000, 0x000000070d400000, 0x000000070d600000|  0%| F|  |TAMS 0x000000070d400000| PB 0x000000070d400000| Untracked 
|  91|0x000000070d600000, 0x000000070d600000, 0x000000070d800000|  0%| F|  |TAMS 0x000000070d600000| PB 0x000000070d600000| Untracked 
|  92|0x000000070d800000, 0x000000070d800000, 0x000000070da00000|  0%| F|  |TAMS 0x000000070d800000| PB 0x000000070d800000| Untracked 
|  93|0x000000070da00000, 0x000000070da00000, 0x000000070dc00000|  0%| F|  |TAMS 0x000000070da00000| PB 0x000000070da00000| Untracked 
|  94|0x000000070dc00000, 0x000000070dc00000, 0x000000070de00000|  0%| F|  |TAMS 0x000000070dc00000| PB 0x000000070dc00000| Untracked 
|  95|0x000000070de00000, 0x000000070de00000, 0x000000070e000000|  0%| F|  |TAMS 0x000000070de00000| PB 0x000000070de00000| Untracked 
|  96|0x000000070e000000, 0x000000070e000000, 0x000000070e200000|  0%| F|  |TAMS 0x000000070e000000| PB 0x000000070e000000| Untracked 
|  97|0x000000070e200000, 0x000000070e200000, 0x000000070e400000|  0%| F|  |TAMS 0x000000070e200000| PB 0x000000070e200000| Untracked 
|  98|0x000000070e400000, 0x000000070e400000, 0x000000070e600000|  0%| F|  |TAMS 0x000000070e400000| PB 0x000000070e400000| Untracked 
|  99|0x000000070e600000, 0x000000070e600000, 0x000000070e800000|  0%| F|  |TAMS 0x000000070e600000| PB 0x000000070e600000| Untracked 
| 100|0x000000070e800000, 0x000000070e800000, 0x000000070ea00000|  0%| F|  |TAMS 0x000000070e800000| PB 0x000000070e800000| Untracked 
| 101|0x000000070ea00000, 0x000000070ea00000, 0x000000070ec00000|  0%| F|  |TAMS 0x000000070ea00000| PB 0x000000070ea00000| Untracked 
| 102|0x000000070ec00000, 0x000000070ec00000, 0x000000070ee00000|  0%| F|  |TAMS 0x000000070ec00000| PB 0x000000070ec00000| Untracked 
| 103|0x000000070ee00000, 0x000000070ee00000, 0x000000070f000000|  0%| F|  |TAMS 0x000000070ee00000| PB 0x000000070ee00000| Untracked 
| 104|0x000000070f000000, 0x000000070f000000, 0x000000070f200000|  0%| F|  |TAMS 0x000000070f000000| PB 0x000000070f000000| Untracked 
| 105|0x000000070f200000, 0x000000070f200000, 0x000000070f400000|  0%| F|  |TAMS 0x000000070f200000| PB 0x000000070f200000| Untracked 
| 106|0x000000070f400000, 0x000000070f400000, 0x000000070f600000|  0%| F|  |TAMS 0x000000070f400000| PB 0x000000070f400000| Untracked 
| 107|0x000000070f600000, 0x000000070f600000, 0x000000070f800000|  0%| F|  |TAMS 0x000000070f600000| PB 0x000000070f600000| Untracked 
| 108|0x000000070f800000, 0x000000070f800000, 0x000000070fa00000|  0%| F|  |TAMS 0x000000070f800000| PB 0x000000070f800000| Untracked 
| 109|0x000000070fa00000, 0x000000070fa00000, 0x000000070fc00000|  0%| F|  |TAMS 0x000000070fa00000| PB 0x000000070fa00000| Untracked 
| 110|0x000000070fc00000, 0x000000070fc00000, 0x000000070fe00000|  0%| F|  |TAMS 0x000000070fc00000| PB 0x000000070fc00000| Untracked 
| 111|0x000000070fe00000, 0x000000070fe00000, 0x0000000710000000|  0%| F|  |TAMS 0x000000070fe00000| PB 0x000000070fe00000| Untracked 
| 112|0x0000000710000000, 0x0000000710000000, 0x0000000710200000|  0%| F|  |TAMS 0x0000000710000000| PB 0x0000000710000000| Untracked 
| 113|0x0000000710200000, 0x0000000710200000, 0x0000000710400000|  0%| F|  |TAMS 0x0000000710200000| PB 0x0000000710200000| Untracked 
| 114|0x0000000710400000, 0x0000000710400000, 0x0000000710600000|  0%| F|  |TAMS 0x0000000710400000| PB 0x0000000710400000| Untracked 
| 115|0x0000000710600000, 0x0000000710600000, 0x0000000710800000|  0%| F|  |TAMS 0x0000000710600000| PB 0x0000000710600000| Untracked 
| 116|0x0000000710800000, 0x0000000710800000, 0x0000000710a00000|  0%| F|  |TAMS 0x0000000710800000| PB 0x0000000710800000| Untracked 
| 117|0x0000000710a00000, 0x0000000710a00000, 0x0000000710c00000|  0%| F|  |TAMS 0x0000000710a00000| PB 0x0000000710a00000| Untracked 
| 118|0x0000000710c00000, 0x0000000710c00000, 0x0000000710e00000|  0%| F|  |TAMS 0x0000000710c00000| PB 0x0000000710c00000| Untracked 
| 119|0x0000000710e00000, 0x0000000710e00000, 0x0000000711000000|  0%| F|  |TAMS 0x0000000710e00000| PB 0x0000000710e00000| Untracked 
| 120|0x0000000711000000, 0x00000007111c29a8, 0x0000000711200000| 88%| E|  |TAMS 0x0000000711000000| PB 0x0000000711000000| Complete 
| 121|0x0000000711200000, 0x0000000711400000, 0x0000000711400000|100%| E|CS|TAMS 0x0000000711200000| PB 0x0000000711200000| Complete 
| 122|0x0000000711400000, 0x0000000711600000, 0x0000000711600000|100%| E|CS|TAMS 0x0000000711400000| PB 0x0000000711400000| Complete 
| 123|0x0000000711600000, 0x0000000711800000, 0x0000000711800000|100%| E|CS|TAMS 0x0000000711600000| PB 0x0000000711600000| Complete 
| 124|0x0000000711800000, 0x0000000711a00000, 0x0000000711a00000|100%| E|CS|TAMS 0x0000000711800000| PB 0x0000000711800000| Complete 
| 125|0x0000000711a00000, 0x0000000711c00000, 0x0000000711c00000|100%| E|CS|TAMS 0x0000000711a00000| PB 0x0000000711a00000| Complete 
| 126|0x0000000711c00000, 0x0000000711e00000, 0x0000000711e00000|100%| E|CS|TAMS 0x0000000711c00000| PB 0x0000000711c00000| Complete 

Card table byte_map: [0x000001bb40c40000,0x000001bb41430000] _byte_map_base: 0x000001bb3d430000

Marking Bits: (CMBitMap*) 0x000001bb28aca280
 Bits: [0x000001bb41430000, 0x000001bb453b0000)

Polling page: 0x000001bb26930000

Metaspace:

Usage:
  Non-class:      6.20 MB used.
      Class:    747.68 KB used.
       Both:      6.93 MB used.

Virtual space:
  Non-class space:       64.00 MB reserved,       6.31 MB ( 10%) committed,  1 nodes.
      Class space:        1.00 GB reserved,     896.00 KB ( <1%) committed,  1 nodes.
             Both:        1.06 GB reserved,       7.19 MB ( <1%) committed. 

Chunk freelists:
   Non-Class:  9.00 MB
       Class:  15.11 MB
        Both:  24.11 MB

MaxMetaspaceSize: unlimited
CompressedClassSpaceSize: 1.00 GB
Initial GC threshold: 21.00 MB
Current GC threshold: 21.00 MB
CDS: on
 - commit_granule_bytes: 65536.
 - commit_granule_words: 8192.
 - virtual_space_node_default_size: 8388608.
 - enlarge_chunks_in_place: 1.
 - use_allocation_guard: 0.


Internal statistics:

num_allocs_failed_limit: 0.
num_arena_births: 154.
num_arena_deaths: 0.
num_vsnodes_births: 2.
num_vsnodes_deaths: 0.
num_space_committed: 115.
num_space_uncommitted: 0.
num_chunks_returned_to_freelist: 0.
num_chunks_taken_from_freelist: 193.
num_chunk_merges: 0.
num_chunk_splits: 117.
num_chunks_enlarged: 52.
num_inconsistent_stats: 0.

CodeHeap 'non-profiled nmethods': size=120000Kb used=602Kb max_used=602Kb free=119397Kb
 bounds [0x000001bb389d0000, 0x000001bb38c40000, 0x000001bb3ff00000]
CodeHeap 'profiled nmethods': size=120000Kb used=1610Kb max_used=1610Kb free=118389Kb
 bounds [0x000001bb30f00000, 0x000001bb31170000, 0x000001bb38430000]
CodeHeap 'non-nmethods': size=5760Kb used=1527Kb max_used=1565Kb free=4232Kb
 bounds [0x000001bb38430000, 0x000001bb386a0000, 0x000001bb389d0000]
 total_blobs=1713 nmethods=1114 adapters=504
 compilation: enabled
              stopped_count=0, restarted_count=0
 full_count=0

Compilation events (20 events):
Event: 4.217 Thread 0x000001bb4803a160 1101       3       java.awt.geom.AffineTransform::<init> (15 bytes)
Event: 4.217 Thread 0x000001bb4803a160 nmethod 1101 0x000001bb3108f410 code [0x000001bb3108f5c0, 0x000001bb3108f748]
Event: 4.221 Thread 0x000001bb4803a160 1103       3       sun.java2d.SurfaceData::getStateTracker (8 bytes)
Event: 4.221 Thread 0x000001bb4803a160 nmethod 1103 0x000001bb3108f810 code [0x000001bb3108f9c0, 0x000001bb3108fb08]
Event: 4.221 Thread 0x000001bb4803a160 1104  s    3       sun.java2d.StateTrackableDelegate::getStateTracker (82 bytes)
Event: 4.221 Thread 0x000001bb4803a160 nmethod 1104 0x000001bb3108fc10 code [0x000001bb3108fde0, 0x000001bb31090308]
Event: 4.236 Thread 0x000001bb4803a160 1105       3       java.util.IdentityHashMap$KeyIterator::next (13 bytes)
Event: 4.237 Thread 0x000001bb4803a160 nmethod 1105 0x000001bb31090490 code [0x000001bb31090660, 0x000001bb31090918]
Event: 4.237 Thread 0x000001bb4803a160 1106       3       java.util.IdentityHashMap::unmaskNull (13 bytes)
Event: 4.237 Thread 0x000001bb4803a160 nmethod 1106 0x000001bb31090a10 code [0x000001bb31090bc0, 0x000001bb31090d08]
Event: 4.249 Thread 0x000001bb4803a160 1107       1       java.awt.event.InvocationEvent::getWhen (5 bytes)
Event: 4.249 Thread 0x000001bb4803a160 nmethod 1107 0x000001bb38a65d90 code [0x000001bb38a65f20, 0x000001bb38a65fe8]
Event: 4.249 Thread 0x000001bb4803a160 1108       3       java.util.IdentityHashMap::keySet (25 bytes)
Event: 4.249 Thread 0x000001bb4803a160 nmethod 1108 0x000001bb31090d90 code [0x000001bb31090f60, 0x000001bb31091348]
Event: 4.249 Thread 0x000001bb4803a160 1110       3       javax.swing.SwingUtilities::getWindowAncestor (31 bytes)
Event: 4.249 Thread 0x000001bb4803a160 nmethod 1110 0x000001bb31091490 code [0x000001bb31091660, 0x000001bb31091c40]
Event: 4.249 Thread 0x000001bb4803a160 1109       3       java.util.IdentityHashMap$KeySet::iterator (12 bytes)
Event: 4.249 Thread 0x000001bb4803a160 nmethod 1109 0x000001bb31091d90 code [0x000001bb31091f40, 0x000001bb31092150]
Event: 4.249 Thread 0x000001bb4803a160 1111       1       sun.java2d.d3d.D3DVolatileSurfaceManager::isAccelerationEnabled (5 bytes)
Event: 4.249 Thread 0x000001bb4803a160 nmethod 1111 0x000001bb38a66090 code [0x000001bb38a66220, 0x000001bb38a662f0]

GC Heap History (0 events):
No events

Dll operation events (12 events):
Event: 0.006 Loaded shared library C:\Program Files\Java\jdk-21\bin\java.dll
Event: 0.026 Loaded shared library C:\Program Files\Java\jdk-21\bin\jsvml.dll
Event: 0.048 Loaded shared library C:\Program Files\Java\jdk-21\bin\zip.dll
Event: 0.051 Loaded shared library C:\Program Files\Java\jdk-21\bin\instrument.dll
Event: 0.055 Loaded shared library C:\Program Files\Java\jdk-21\bin\net.dll
Event: 0.056 Loaded shared library C:\Program Files\Java\jdk-21\bin\nio.dll
Event: 0.059 Loaded shared library C:\Program Files\Java\jdk-21\bin\zip.dll
Event: 0.069 Loaded shared library C:\Program Files\Java\jdk-21\bin\extnet.dll
Event: 0.074 Loaded shared library C:\Program Files\Java\jdk-21\bin\jimage.dll
Event: 0.077 Loaded shared library C:\Program Files\Java\jdk-21\bin\awt.dll
Event: 0.315 Loaded shared library C:\Program Files\Java\jdk-21\bin\freetype.dll
Event: 0.316 Loaded shared library C:\Program Files\Java\jdk-21\bin\fontmanager.dll

Deoptimization events (20 events):
Event: 0.588 Thread 0x000001bb484ad2f0 DEOPT PACKING pc=0x000001bb38a159d0 sp=0x000000833e1fe050
Event: 0.588 Thread 0x000001bb484ad2f0 DEOPT UNPACKING pc=0x000001bb384846a2 sp=0x000000833e1fdff0 mode 2
Event: 0.710 Thread 0x000001bb484ad2f0 DEOPT PACKING pc=0x000001bb310010cd sp=0x000000833e1fdc10
Event: 0.710 Thread 0x000001bb484ad2f0 DEOPT UNPACKING pc=0x000001bb38484e42 sp=0x000000833e1fd0c0 mode 0
Event: 1.177 Thread 0x000001bb484ad2f0 DEOPT PACKING pc=0x000001bb310306d3 sp=0x000000833e1fdcf0
Event: 1.177 Thread 0x000001bb484ad2f0 DEOPT UNPACKING pc=0x000001bb38484e42 sp=0x000000833e1fd150 mode 0
Event: 1.275 Thread 0x000001bb484ad2f0 DEOPT PACKING pc=0x000001bb31028f99 sp=0x000000833e1fdaf0
Event: 1.275 Thread 0x000001bb484ad2f0 DEOPT UNPACKING pc=0x000001bb38484e42 sp=0x000000833e1fcee8 mode 0
Event: 1.338 Thread 0x000001bb484ad2f0 Uncommon trap: trap_request=0xffffff6e fr.pc=0x000001bb38a4c3a4 relative=0x0000000000002024
Event: 1.338 Thread 0x000001bb484ad2f0 Uncommon trap: reason=loop_limit_check action=maybe_recompile pc=0x000001bb38a4c3a4 method=sun.java2d.marlin.Renderer._endRendering(II)V @ 1137 c2
Event: 1.338 Thread 0x000001bb484ad2f0 DEOPT PACKING pc=0x000001bb38a4c3a4 sp=0x000000833e1fdc30
Event: 1.338 Thread 0x000001bb484ad2f0 DEOPT UNPACKING pc=0x000001bb384846a2 sp=0x000000833e1fd9f0 mode 2
Event: 1.338 Thread 0x000001bb484ad2f0 Uncommon trap: trap_request=0xffffff6e fr.pc=0x000001bb38a44c30 relative=0x0000000000003a10
Event: 1.338 Thread 0x000001bb484ad2f0 Uncommon trap: reason=loop_limit_check action=maybe_recompile pc=0x000001bb38a44c30 method=sun.java2d.marlin.Renderer._endRendering(II)V @ 1137 c2
Event: 1.338 Thread 0x000001bb484ad2f0 DEOPT PACKING pc=0x000001bb38a44c30 sp=0x000000833e1fdb60
Event: 1.338 Thread 0x000001bb484ad2f0 DEOPT UNPACKING pc=0x000001bb384846a2 sp=0x000000833e1fd9f0 mode 2
Event: 1.523 Thread 0x000001bb484ad2f0 DEOPT PACKING pc=0x000001bb3103f2ed sp=0x000000833e1fdaf0
Event: 1.523 Thread 0x000001bb484ad2f0 DEOPT UNPACKING pc=0x000001bb38484e42 sp=0x000000833e1fcee8 mode 0
Event: 1.680 Thread 0x000001bb484ad2f0 DEOPT PACKING pc=0x000001bb3103f2ed sp=0x000000833e1fda80
Event: 1.680 Thread 0x000001bb484ad2f0 DEOPT UNPACKING pc=0x000001bb38484e42 sp=0x000000833e1fce78 mode 0

Classes loaded (20 events):
Event: 0.422 Loading class javax/swing/Scrollable done
Event: 0.422 Loading class javax/swing/text/JTextComponent done
Event: 2.262 Loading class sun/awt/DebugSettings
Event: 2.262 Loading class sun/awt/DebugSettings done
Event: 2.263 Loading class java/awt/event/ContainerEvent
Event: 2.263 Loading class java/awt/event/ContainerEvent done
Event: 2.263 Loading class javax/swing/JComponent$KeyboardState
Event: 2.263 Loading class javax/swing/JComponent$KeyboardState done
Event: 2.263 Loading class javax/swing/JComponent$IntVector
Event: 2.263 Loading class javax/swing/JComponent$IntVector done
Event: 2.263 Loading class javax/swing/KeyboardManager
Event: 2.263 Loading class javax/swing/KeyboardManager done
Event: 2.263 Loading class javax/swing/Popup$HeavyWeightWindow
Event: 2.263 Loading class sun/awt/ModalExclude
Event: 2.263 Loading class sun/awt/ModalExclude done
Event: 2.263 Loading class javax/swing/JWindow
Event: 2.263 Loading class javax/swing/JWindow done
Event: 2.263 Loading class javax/swing/Popup$HeavyWeightWindow done
Event: 4.236 Loading class jdk/internal/misc/Signal$1
Event: 4.236 Loading class jdk/internal/misc/Signal$1 done

Classes unloaded (0 events):
No events

Classes redefined (0 events):
No events

Internal exceptions (16 events):
Event: 0.059 Thread 0x000001bb28a63340 Exception <a 'java/lang/NoSuchMethodError'{0x0000000711b00a50}: 'void java.lang.invoke.DirectMethodHandle$Holder.invokeStatic(java.lang.Object, java.lang.Object, java.lang.Object)'> (0x0000000711b00a50) 
thrown [s\open\src\hotspot\share\interpreter\linkResolver.cpp, line 773]
Event: 0.062 Thread 0x000001bb28a63340 Exception <a 'java/lang/NoSuchMethodError'{0x0000000711b17fd8}: 'java.lang.Object java.lang.invoke.Invokers$Holder.invokeExact_MT(java.lang.Object, java.lang.Object, java.lang.Object, java.lang.Object, java.lang.Object)'> (0x0000000711b17fd8) 
thrown [s\open\src\hotspot\share\interpreter\linkResolver.cpp, line 773]
Event: 0.069 Thread 0x000001bb28a63340 Exception <a 'java/lang/ClassNotFoundException'{0x0000000711b2fd20}: sun/awt/resources/spi/awtProvider> (0x0000000711b2fd20) 
thrown [s\open\src\hotspot\share\classfile\systemDictionary.cpp, line 312]
Event: 0.070 Thread 0x000001bb483f1950 Exception <a 'java/lang/NoSuchMethodError'{0x0000000711b5b158}: 'void java.lang.invoke.DirectMethodHandle$Holder.invokeStatic(java.lang.Object, java.lang.Object)'> (0x0000000711b5b158) 
thrown [s\open\src\hotspot\share\interpreter\linkResolver.cpp, line 773]
Event: 0.083 Thread 0x000001bb28a63340 Exception <a 'java/io/FileNotFoundException'{0x0000000711bf5738}> (0x0000000711bf5738) 
thrown [s\open\src\hotspot\share\prims\jni.cpp, line 520]
Event: 0.086 Thread 0x000001bb28a63340 Exception <a 'java/io/FileNotFoundException'{0x000000071181fac0}> (0x000000071181fac0) 
thrown [s\open\src\hotspot\share\prims\jni.cpp, line 520]
Event: 0.266 Thread 0x000001bb484ad2f0 Exception <a 'java/lang/NoSuchMethodError'{0x00000007119f15d8}: 'void java.lang.invoke.DirectMethodHandle$Holder.invokeSpecial(java.lang.Object, java.lang.Object, java.lang.Object)'> (0x00000007119f15d8) 
thrown [s\open\src\hotspot\share\interpreter\linkResolver.cpp, line 773]
Event: 0.270 Thread 0x000001bb484ad2f0 Exception <a 'java/lang/NoSuchMethodError'{0x0000000711687b68}: 'java.lang.Object java.lang.invoke.DirectMethodHandle$Holder.newInvokeSpecial(java.lang.Object, java.lang.Object, java.lang.Object, java.lang.Object, java.lang.Object)'> (0x0000000711687b68) 
thrown [s\open\src\hotspot\share\interpreter\linkResolver.cpp, line 773]
Event: 0.273 Thread 0x000001bb484ad2f0 Exception <a 'java/lang/NoSuchMethodError'{0x00000007116b3720}: 'java.lang.Object java.lang.invoke.DirectMethodHandle$Holder.invokeStatic(java.lang.Object, int, java.lang.Object)'> (0x00000007116b3720) 
thrown [s\open\src\hotspot\share\interpreter\linkResolver.cpp, line 773]
Event: 0.285 Thread 0x000001bb484ad2f0 Exception <a 'java/lang/ClassNotFoundException'{0x00000007117536b0}: com/sun/swing/internal/plaf/metal/resources/spi/metalProvider> (0x00000007117536b0) 
thrown [s\open\src\hotspot\share\classfile\systemDictionary.cpp, line 312]
Event: 0.286 Thread 0x000001bb484ad2f0 Exception <a 'java/lang/ClassNotFoundException'{0x0000000711757680}: com/sun/swing/internal/plaf/basic/resources/spi/basicProvider> (0x0000000711757680) 
thrown [s\open\src\hotspot\share\classfile\systemDictionary.cpp, line 312]
Event: 0.292 Thread 0x000001bb484ad2f0 Exception <a 'java/lang/NoSuchMethodError'{0x0000000711773a48}: 'int java.lang.invoke.Invokers$Holder.invokeExact_MT(java.lang.Object, java.lang.Object)'> (0x0000000711773a48) 
thrown [s\open\src\hotspot\share\interpreter\linkResolver.cpp, line 773]
Event: 0.301 Thread 0x000001bb4849f260 Exception <a 'java/lang/NoSuchMethodError'{0x0000000711960730}: 'void java.lang.invoke.DirectMethodHandle$Holder.invokeVirtual(java.lang.Object, java.lang.Object)'> (0x0000000711960730) 
thrown [s\open\src\hotspot\share\interpreter\linkResolver.cpp, line 773]
Event: 0.311 Thread 0x000001bb484ad2f0 Exception <a 'java/lang/NoSuchMethodError'{0x00000007117b1598}: 'void java.lang.invoke.DirectMethodHandle$Holder.invokeStaticInit(java.lang.Object)'> (0x00000007117b1598) 
thrown [s\open\src\hotspot\share\interpreter\linkResolver.cpp, line 773]
Event: 0.333 Thread 0x000001bb8e45bc30 Implicit null exception at 0x000001bb38a016a2 to 0x000001bb38a01cf0
Event: 0.400 Thread 0x000001bb484ad2f0 Implicit null exception at 0x000001bb38a15dab to 0x000001bb38a1673c

ZGC Phase Switch (0 events):
No events

VM Operations (12 events):
Event: 0.040 Executing VM operation: HandshakeAllThreads (Deoptimize)
Event: 0.040 Executing VM operation: HandshakeAllThreads (Deoptimize) done
Event: 0.294 Executing VM operation: HandshakeAllThreads (Deoptimize)
Event: 0.294 Executing VM operation: HandshakeAllThreads (Deoptimize) done
Event: 0.395 Executing VM operation: HandshakeAllThreads (Deoptimize)
Event: 0.396 Executing VM operation: HandshakeAllThreads (Deoptimize) done
Event: 1.395 Executing VM operation: Cleanup
Event: 1.395 Executing VM operation: Cleanup done
Event: 2.395 Executing VM operation: Cleanup
Event: 2.395 Executing VM operation: Cleanup done
Event: 3.396 Executing VM operation: Cleanup
Event: 3.396 Executing VM operation: Cleanup done

Events (20 events):
Event: 0.036 Thread 0x000001bb47fdd6e0 Thread added: 0x000001bb47fdd6e0
Event: 0.063 Thread 0x000001bb483f1950 Thread added: 0x000001bb483f1950
Event: 0.063 Thread 0x000001bb483f1fb0 Thread added: 0x000001bb483f1fb0
Event: 0.109 Thread 0x000001bb48498400 Thread added: 0x000001bb48498400
Event: 0.110 Thread 0x000001bb4849eab0 Thread added: 0x000001bb4849eab0
Event: 0.110 Thread 0x000001bb4849f260 Thread added: 0x000001bb4849f260
Event: 0.117 Thread 0x000001bb484ad2f0 Thread added: 0x000001bb484ad2f0
Event: 0.118 Thread 0x000001bb28a63340 Thread exited: 0x000001bb28a63340
Event: 0.118 Thread 0x000001bb28a63340 Thread added: 0x000001bb28a63340
Event: 0.297 Thread 0x000001bb8e45bc30 Thread added: 0x000001bb8e45bc30
Event: 0.300 Thread 0x000001bb48036ae0 Thread added: 0x000001bb48036ae0
Event: 0.360 Thread 0x000001bb8e4aedd0 Thread added: 0x000001bb8e4aedd0
Event: 0.389 Thread 0x000001bb480371b0 Thread added: 0x000001bb480371b0
Event: 0.554 Thread 0x000001bb480371b0 Thread exited: 0x000001bb480371b0
Event: 0.554 Thread 0x000001bb48036ae0 Thread exited: 0x000001bb48036ae0
Event: 4.236 Thread 0x000001bb954c1230 Thread added: 0x000001bb954c1230
Event: 4.236 Thread 0x000001bb950d8370 Thread added: 0x000001bb950d8370
Event: 4.236 Thread 0x000001bb950d9db0 Thread added: 0x000001bb950d9db0
Event: 4.237 Thread 0x000001bb950d9db0 Thread exited: 0x000001bb950d9db0
Event: 4.237 Thread 0x000001bb8e4aedd0 Thread exited: 0x000001bb8e4aedd0


Dynamic libraries:
0x00007ff618b60000 - 0x00007ff618b70000 	C:\Program Files\Java\jdk-21\bin\java.exe
0x00007ffa00b20000 - 0x00007ffa00d89000 	C:\WINDOWS\SYSTEM32\ntdll.dll
0x00007ff9fffa0000 - 0x00007ffa00069000 	C:\WINDOWS\System32\KERNEL32.DLL
0x00007ff9fdd50000 - 0x00007ff9fe143000 	C:\WINDOWS\System32\KERNELBASE.dll
0x00007ff9fe6e0000 - 0x00007ff9fe82b000 	C:\WINDOWS\System32\ucrtbase.dll
0x00007ff9facd0000 - 0x00007ff9faceb000 	C:\Program Files\Java\jdk-21\bin\VCRUNTIME140.dll
0x00007ff9f8f10000 - 0x00007ff9f8f29000 	C:\Program Files\Java\jdk-21\bin\jli.dll
0x00007ff9fef80000 - 0x00007ff9ff034000 	C:\WINDOWS\System32\ADVAPI32.dll
0x00007ffa00920000 - 0x00007ffa009c9000 	C:\WINDOWS\System32\msvcrt.dll
0x00007ffa00280000 - 0x00007ffa00326000 	C:\WINDOWS\System32\sechost.dll
0x00007ff9ffc00000 - 0x00007ff9ffd18000 	C:\WINDOWS\System32\RPCRT4.dll
0x00007ff9feda0000 - 0x00007ff9fef64000 	C:\WINDOWS\System32\USER32.dll
0x00007ff9fe6b0000 - 0x00007ff9fe6d7000 	C:\WINDOWS\System32\win32u.dll
0x00007ff9e7d20000 - 0x00007ff9e7fb3000 	C:\WINDOWS\WinSxS\amd64_microsoft.windows.common-controls_6595b64144ccf1df_6.0.26100.5074_none_3e0d6f78e32fd63f\COMCTL32.dll
0x00007ffa009d0000 - 0x00007ffa009fb000 	C:\WINDOWS\System32\GDI32.dll
0x00007ff9fe4d0000 - 0x00007ff9fe5fd000 	C:\WINDOWS\System32\gdi32full.dll
0x00007ff9fe600000 - 0x00007ff9fe6a3000 	C:\WINDOWS\System32\msvcp_win.dll
0x00007ff9f5d30000 - 0x00007ff9f5d3b000 	C:\WINDOWS\SYSTEM32\VERSION.dll
0x00007ffa00240000 - 0x00007ffa0026f000 	C:\WINDOWS\System32\IMM32.DLL
0x00007ff9facc0000 - 0x00007ff9faccc000 	C:\Program Files\Java\jdk-21\bin\vcruntime140_1.dll
0x00007ff9f8e50000 - 0x00007ff9f8ede000 	C:\Program Files\Java\jdk-21\bin\msvcp140.dll
0x00007ff9b0350000 - 0x00007ff9b106a000 	C:\Program Files\Java\jdk-21\bin\server\jvm.dll
0x00007ff9ffd20000 - 0x00007ff9ffd94000 	C:\WINDOWS\System32\WS2_32.dll
0x00007ff9eb6b0000 - 0x00007ff9eb6e5000 	C:\WINDOWS\SYSTEM32\WINMM.dll
0x00007ff9fda60000 - 0x00007ff9fdabe000 	C:\WINDOWS\SYSTEM32\POWRPROF.dll
0x00007ff9fd960000 - 0x00007ff9fd974000 	C:\WINDOWS\SYSTEM32\UMPDC.dll
0x00007ff9fca90000 - 0x00007ff9fcaab000 	C:\WINDOWS\SYSTEM32\kernel.appcore.dll
0x00007ff9f8ef0000 - 0x00007ff9f8efa000 	C:\Program Files\Java\jdk-21\bin\jimage.dll
0x00007ff9f4f90000 - 0x00007ff9f51d2000 	C:\WINDOWS\SYSTEM32\DBGHELP.DLL
0x00007ffa00520000 - 0x00007ffa0089b000 	C:\WINDOWS\System32\combase.dll
0x00007ffa00a00000 - 0x00007ffa00ad7000 	C:\WINDOWS\System32\OLEAUT32.dll
0x00007ff9e0150000 - 0x00007ff9e018d000 	C:\WINDOWS\SYSTEM32\dbgcore.DLL
0x00007ff9fdcb0000 - 0x00007ff9fdd49000 	C:\WINDOWS\System32\bcryptPrimitives.dll
0x00007ff9f8e30000 - 0x00007ff9f8e3f000 	C:\Program Files\Java\jdk-21\bin\instrument.dll
0x00007ff9f8e10000 - 0x00007ff9f8e2f000 	C:\Program Files\Java\jdk-21\bin\java.dll
0x00007ff9ff4b0000 - 0x00007ff9ffbfd000 	C:\WINDOWS\System32\SHELL32.dll
0x00007ff9fe360000 - 0x00007ff9fe4cc000 	C:\WINDOWS\System32\wintypes.dll
0x00007ff9fb950000 - 0x00007ff9fc1a9000 	C:\WINDOWS\SYSTEM32\windows.storage.dll
0x00007ffa000f0000 - 0x00007ffa001e0000 	C:\WINDOWS\System32\SHCORE.dll
0x00007ff9ff440000 - 0x00007ff9ff4a2000 	C:\WINDOWS\System32\shlwapi.dll
0x00007ff9fdbd0000 - 0x00007ff9fdbf9000 	C:\WINDOWS\SYSTEM32\profapi.dll
0x00007ff9e6910000 - 0x00007ff9e69e7000 	C:\Program Files\Java\jdk-21\bin\jsvml.dll
0x00007ff9e68f0000 - 0x00007ff9e6908000 	C:\Program Files\Java\jdk-21\bin\zip.dll
0x00007ff9f8e00000 - 0x00007ff9f8e10000 	C:\Program Files\Java\jdk-21\bin\net.dll
0x00007ff9f6bb0000 - 0x00007ff9f6ccf000 	C:\WINDOWS\SYSTEM32\WINHTTP.dll
0x00007ff9fd010000 - 0x00007ff9fd07b000 	C:\WINDOWS\system32\mswsock.dll
0x00007ff9f8de0000 - 0x00007ff9f8df6000 	C:\Program Files\Java\jdk-21\bin\nio.dll
0x00007ff9f5200000 - 0x00007ff9f5209000 	C:\Program Files\Java\jdk-21\bin\extnet.dll
0x00007ff9b1fc0000 - 0x00007ff9b214f000 	C:\Program Files\Java\jdk-21\bin\awt.dll
0x00007ff9fadc0000 - 0x00007ff9fae5e000 	C:\WINDOWS\SYSTEM32\apphelp.dll
0x00007ff9fb020000 - 0x00007ff9fb0c8000 	C:\WINDOWS\system32\uxtheme.dll
0x00007ff9ff040000 - 0x00007ff9ff198000 	C:\WINDOWS\System32\MSCTF.dll
0x00007ff9ffe00000 - 0x00007ff9fff98000 	C:\WINDOWS\System32\ole32.dll
0x00007ff9fb2d0000 - 0x00007ff9fb2fb000 	C:\WINDOWS\system32\DWMAPI.DLL
0x00007ff99ad60000 - 0x00007ff99ae6c000 	C:\WINDOWS\system32\opengl32.dll
0x00007ff9d0510000 - 0x00007ff9d053d000 	C:\WINDOWS\SYSTEM32\GLU32.dll
0x00007ff9fb120000 - 0x00007ff9fb164000 	C:\WINDOWS\SYSTEM32\dxcore.dll
0x00007ff9fd3e0000 - 0x00007ff9fd3f3000 	C:\WINDOWS\SYSTEM32\msasn1.dll
0x00007ff9f5cf0000 - 0x00007ff9f5d2b000 	C:\WINDOWS\SYSTEM32\cryptnet.dll
0x00007ff9fe150000 - 0x00007ff9fe2c7000 	C:\WINDOWS\System32\CRYPT32.dll
0x00007ff9fd2d0000 - 0x00007ff9fd2dc000 	C:\WINDOWS\SYSTEM32\cryptbase.dll
0x00007ff9fd370000 - 0x00007ff9fd3d4000 	C:\WINDOWS\SYSTEM32\wldp.dll
0x00007ff9f59e0000 - 0x00007ff9f5b55000 	C:\WINDOWS\SYSTEM32\drvstore.dll
0x00007ff9fd880000 - 0x00007ff9fd8ad000 	C:\WINDOWS\SYSTEM32\devobj.dll
0x00007ff9fd8b0000 - 0x00007ff9fd907000 	C:\WINDOWS\SYSTEM32\cfgmgr32.dll
0x00007ff9fe2d0000 - 0x00007ff9fe34e000 	C:\WINDOWS\System32\wintrust.dll
0x00007ff9ff380000 - 0x00007ff9ff3a0000 	C:\WINDOWS\System32\imagehlp.dll
0x00007ff9fd2b0000 - 0x00007ff9fd2cb000 	C:\WINDOWS\SYSTEM32\CRYPTSP.dll
0x00007ff9fc9f0000 - 0x00007ff9fca2b000 	C:\WINDOWS\system32\rsaenh.dll
0x00007ff9fdba0000 - 0x00007ff9fdbc6000 	C:\WINDOWS\SYSTEM32\bcrypt.dll
0x00007ff9d7180000 - 0x00007ff9d7484000 	C:\WINDOWS\system32\nvspcap64.dll
0x00007ff9fcbb0000 - 0x00007ff9fcbe6000 	C:\WINDOWS\SYSTEM32\ntmarta.dll
0x00007ff9fd080000 - 0x00007ff9fd0a7000 	C:\WINDOWS\SYSTEM32\gpapi.dll
0x00007ff9c8cb0000 - 0x00007ff9c8e05000 	C:\WINDOWS\System32\DriverStore\FileRepository\nvmdsi.inf_amd64_762f7a307b168ffc\nvppex.dll
0x00007ff9b1f30000 - 0x00007ff9b1fb7000 	C:\Program Files\Java\jdk-21\bin\freetype.dll
0x00007ff9b1b60000 - 0x00007ff9b1c41000 	C:\Program Files\Java\jdk-21\bin\fontmanager.dll
0x00007ff9f56e0000 - 0x00007ff9f5829000 	C:\WINDOWS\SYSTEM32\textinputframework.dll
0x00007ff9e2ae0000 - 0x00007ff9e2b58000 	C:\WINDOWS\system32\Oleacc.dll
0x00007ffa00440000 - 0x00007ffa004f1000 	C:\WINDOWS\System32\clbcatq.dll
0x00007ff9fab50000 - 0x00007ff9fac75000 	C:\WINDOWS\SYSTEM32\CoreMessaging.dll
0x00007ff9f6ee0000 - 0x00007ff9f71c3000 	C:\WINDOWS\SYSTEM32\CoreUIComponents.dll

dbghelp: loaded successfully - version: 4.0.5 - missing functions: none
symbol engine: initialized successfully - sym options: 0x614 - pdb path: .;C:\Program Files\Java\jdk-21\bin;C:\WINDOWS\SYSTEM32;C:\WINDOWS\WinSxS\amd64_microsoft.windows.common-controls_6595b64144ccf1df_6.0.26100.5074_none_3e0d6f78e32fd63f;C:\Program Files\Java\jdk-21\bin\server;C:\WINDOWS\System32\DriverStore\FileRepository\nvmdsi.inf_amd64_762f7a307b168ffc

VM Arguments:
jvm_args: -javaagent:C:\Program Files\JetBrains\IntelliJ IDEA Community Edition 2025.1.3\lib\idea_rt.jar=54233 -Dfile.encoding=UTF-8 -Dsun.stdout.encoding=UTF-8 -Dsun.stderr.encoding=UTF-8 
java_command: test
java_class_path (initial): C:\\Java_code\InteractiveReptail\out\production\InteractiveReptail
Launcher Type: SUN_STANDARD

[Global flags]
     intx CICompilerCount                          = 4                                         {product} {ergonomic}
     uint ConcGCThreads                            = 3                                         {product} {ergonomic}
     uint G1ConcRefinementThreads                  = 10                                        {product} {ergonomic}
   size_t G1HeapRegionSize                         = 2097152                                   {product} {ergonomic}
    uintx GCDrainStackTargetSize                   = 64                                        {product} {ergonomic}
   size_t InitialHeapSize                          = 266338304                                 {product} {ergonomic}
   size_t MarkStackSize                            = 4194304                                   {product} {ergonomic}
   size_t MaxHeapSize                              = 4261412864                                {product} {ergonomic}
   size_t MaxNewSize                               = 2556428288                                {product} {ergonomic}
   size_t MinHeapDeltaBytes                        = 2097152                                   {product} {ergonomic}
   size_t MinHeapSize                              = 8388608                                   {product} {ergonomic}
    uintx NonNMethodCodeHeapSize                   = 5839372                                {pd product} {ergonomic}
    uintx NonProfiledCodeHeapSize                  = 122909434                              {pd product} {ergonomic}
    uintx ProfiledCodeHeapSize                     = 122909434                              {pd product} {ergonomic}
    uintx ReservedCodeCacheSize                    = 251658240                              {pd product} {ergonomic}
     bool SegmentedCodeCache                       = true                                      {product} {ergonomic}
   size_t SoftMaxHeapSize                          = 4261412864                             {manageable} {ergonomic}
     bool UseCompressedOops                        = true                           {product lp64_product} {ergonomic}
     bool UseG1GC                                  = true                                      {product} {ergonomic}
     bool UseLargePagesIndividualAllocation        = false                                  {pd product} {ergonomic}

Logging:
Log output configuration:
 #0: stdout all=warning uptime,level,tags foldmultilines=false
 #1: stderr all=off uptime,level,tags foldmultilines=false

Environment Variables:
JAVA_HOME=C:\Program Files\Java\jdk-21
PATH=C:\Program Files\Common Files\Oracle\Java\javapath;C:\Program Files (x86)\Common Files\Oracle\Java\javapath;C:\WINDOWS\system32;C:\WINDOWS;C:\WINDOWS\System32\Wbem;C:\WINDOWS\System32\WindowsPowerShell\v1.0\;C:\WINDOWS\System32\OpenSSH\;C:\Program Files (x86)\NVIDIA Corporation\PhysX\Common;C:\Program Files\Git\cmd;C:\Program Files\nodejs\;C:\Program Files\Microsoft SQL Server\150\Tools\Binn\;C:\Program Files\Microsoft SQL Server\Client SDK\ODBC\170\Tools\Binn\;C:\Program Files\dotnet\;C:\Program Files\NVIDIA Corporation\NVIDIA app\NvDLISR;C:\Program Files\Java\jdk-21\bin;C:\Program Files (x86)\Windows Kits\10\Windows Performance Toolkit\;C:\Users\stepa\AppData\Local\Programs\Python\Launcher\py;C:\Users\stepa\AppData\Local\Microsoft\WindowsApps;C:\Users\stepa\AppData\Local\Programs\Microsoft VS Code\bin;C:\msys64\ucrt64\bin;C:\Users\stepa\AppData\Local\GitHubDesktop\bin;C:\Users\stepa\AppData\Roaming\npm;C:\Users\stepa\.dotnet\tools;C:\Users\stepa\AppData\Local\Programs\Python\Python312\Scripts;
USERNAME=stepa
OS=Windows_NT
PROCESSOR_IDENTIFIER=AMD64 Family 25 Model 80 Stepping 0, AuthenticAMD
TMP=C:\Users\stepa\AppData\Local\Temp
TEMP=C:\Users\stepa\AppData\Local\Temp




Periodic native trim disabled

---------------  S Y S T E M  ---------------

OS:
 Windows 11 , 64 bit Build 26100 (10.0.26100.5074)
OS uptime: 0 days 4:53 hours

CPU: total 12 (initial active 12) (12 cores per cpu, 2 threads per core) family 25 model 80 stepping 0 microcode 0xa50000d, cx8, cmov, fxsr, ht, mmx, 3dnowpref, sse, sse2, sse3, ssse3, sse4a, sse4.1, sse4.2, popcnt, lzcnt, tsc, tscinvbit, avx, avx2, aes, erms, clmul, bmi1, bmi2, adx, sha, fma, vzeroupper, clflush, clflushopt, rdtscp, rdpid, fsrm, f16c, pku, cet_ss
Processor Information for all 12 processors :
  Max Mhz: 3600, Current Mhz: 3600, Mhz Limit: 3600

Memory: 4k page, system-wide physical 16250M (5442M free)
TotalPageFile size 17274M (AvailPageFile size 2333M)
current process WorkingSet (physical memory assigned to process): 83M, peak: 99M
current process commit charge ("private bytes"): 392M, peak: 413M

vm_info: Java HotSpot(TM) 64-Bit Server VM (21.0.7+8-LTS-245) for windows-amd64 JRE (21.0.7+8-LTS-245), built on 2025-02-21T05:11:27Z by "mach5one" with MS VC++ 17.6 (VS2022)

END.
